Build started 2017/04/10 20:07:45.
     1>Project "C:\workSpace\dev\PTAM64bits\temp\PTAM-64bits\build\GCVD\GCVD.vcxproj" on node 3 (Rebuild target(s)).
     1>Building with tools version "14.0".
     1>Target "_CheckForInvalidConfigurationAndPlatform" in file "C:\Program Files (x86)\MSBuild\14.0\bin\Microsoft.Common.CurrentVersion.targets" from project "C:\workSpace\dev\PTAM64bits\temp\PTAM-64bits\build\GCVD\GCVD.vcxproj" (entry point):
       Task "Error" skipped, due to false condition; ( '$(_InvalidConfigurationError)' == 'true' ) was evaluated as ( '' == 'true' ).
       Task "Warning" skipped, due to false condition; ( '$(_InvalidConfigurationWarning)' == 'true' ) was evaluated as ( '' == 'true' ).
       Using "Message" task from assembly "Microsoft.Build.Tasks.Core, Version=14.0.0.0, Culture=neutral, PublicKeyToken=b03f5f7f11d50a3a".
       Task "Message"
         Configuration=Release
       Done executing task "Message".
       Task "Message"
         Platform=x64
       Done executing task "Message".
       Task "Error" skipped, due to false condition; ('$(OutDir)' != '' and !HasTrailingSlash('$(OutDir)')) was evaluated as ('C:\workSpace\dev\PTAM64bits\temp\PTAM-64bits\build\GCVD\Release\' != '' and !HasTrailingSlash('C:\workSpace\dev\PTAM64bits\temp\PTAM-64bits\build\GCVD\Release\')).
       Task "Error" skipped, due to false condition; ('$(BaseIntermediateOutputPath)' != '' and !HasTrailingSlash('$(BaseIntermediateOutputPath)')) was evaluated as ('obj\' != '' and !HasTrailingSlash('obj\')).
       Task "Error" skipped, due to false condition; ('$(IntermediateOutputPath)' != '' and !HasTrailingSlash('$(IntermediateOutputPath)')) was evaluated as ('GCVD.dir\Release\' != '' and !HasTrailingSlash('GCVD.dir\Release\')).
     1>Done building target "_CheckForInvalidConfigurationAndPlatform" in project "GCVD.vcxproj".
     1>Target "_PrepareForRebuild" in file "C:\Program Files (x86)\MSBuild\Microsoft.Cpp\v4.0\V140\Microsoft.BuildSteps.Targets" from project "C:\workSpace\dev\PTAM64bits\temp\PTAM-64bits\build\GCVD\GCVD.vcxproj" (target "Rebuild" depends on it):
     1>Done building target "_PrepareForRebuild" in project "GCVD.vcxproj".
     1>Target "BeforeRebuild" in file "C:\Program Files (x86)\MSBuild\14.0\bin\Microsoft.Common.CurrentVersion.targets" from project "C:\workSpace\dev\PTAM64bits\temp\PTAM-64bits\build\GCVD\GCVD.vcxproj" (target "Rebuild" depends on it):
     1>Done building target "BeforeRebuild" in project "GCVD.vcxproj".
     1>Target "_PrepareForClean" in file "C:\Program Files (x86)\MSBuild\Microsoft.Cpp\v4.0\V140\Microsoft.BuildSteps.Targets" from project "C:\workSpace\dev\PTAM64bits\temp\PTAM-64bits\build\GCVD\GCVD.vcxproj" (target "Clean" depends on it):
       Using "Delete" task from assembly "Microsoft.Build.Tasks.Core, Version=14.0.0.0, Culture=neutral, PublicKeyToken=b03f5f7f11d50a3a".
       Task "Delete"
         Deleting file "GCVD.dir\Release\GCVD.tlog\GCVD.lastbuildstate".
       Done executing task "Delete".
     1>Done building target "_PrepareForClean" in project "GCVD.vcxproj".
     1>Target "BeforeClean" in file "C:\Program Files (x86)\MSBuild\14.0\bin\Microsoft.Common.CurrentVersion.targets" from project "C:\workSpace\dev\PTAM64bits\temp\PTAM-64bits\build\GCVD\GCVD.vcxproj" (target "Clean" depends on it):
     1>Done building target "BeforeClean" in project "GCVD.vcxproj".
       Target "UnmanagedUnregistration" skipped, due to false condition; ((('$(_AssemblyTimestampBeforeCompile)' != '$(_AssemblyTimestampAfterCompile)' or '$(RegisterForComInterop)' != 'true' or '$(OutputType)' != 'library') or
                           ('$(_AssemblyTimestampBeforeCompile)' == '')) and
                          Exists('@(_UnmanagedRegistrationCache)')) was evaluated as ((('' != '' or '' != 'true' or 'staticlibrary' != 'library') or
                           ('' == '')) and
                          Exists('obj\GCVD.vcxproj.UnmanagedRegistration.cache')).
     1>Target "CoreClean" in file "C:\Program Files (x86)\MSBuild\14.0\bin\Microsoft.Common.CurrentVersion.targets" from project "C:\workSpace\dev\PTAM64bits\temp\PTAM-64bits\build\GCVD\GCVD.vcxproj" (target "Clean" depends on it):
       Task "Delete"
         File "GCVD.dir\Release\\TempCA\GCVD.pdb" doesn't exist. Skipping.
         File "GCVD.dir\Release\\TempCA\GCVD.lib" doesn't exist. Skipping.
       Done executing task "Delete".
       Using "ReadLinesFromFile" task from assembly "Microsoft.Build.Tasks.Core, Version=14.0.0.0, Culture=neutral, PublicKeyToken=b03f5f7f11d50a3a".
       Task "ReadLinesFromFile"
       Done executing task "ReadLinesFromFile".
       Using "FindUnderPath" task from assembly "Microsoft.Build.Tasks.Core, Version=14.0.0.0, Culture=neutral, PublicKeyToken=b03f5f7f11d50a3a".
       Task "FindUnderPath"
         Comparison path is "C:\workSpace\dev\PTAM64bits\temp\PTAM-64bits\build\GCVD\Release\".
       Done executing task "FindUnderPath".
       Task "FindUnderPath"
         Comparison path is "GCVD.dir\Release\".
       Done executing task "FindUnderPath".
       Task "Delete"
       Done executing task "Delete".
       Using "RemoveDuplicates" task from assembly "Microsoft.Build.Tasks.Core, Version=14.0.0.0, Culture=neutral, PublicKeyToken=b03f5f7f11d50a3a".
       Task "RemoveDuplicates"
       Done executing task "RemoveDuplicates".
       Using "MakeDir" task from assembly "Microsoft.Build.Tasks.Core, Version=14.0.0.0, Culture=neutral, PublicKeyToken=b03f5f7f11d50a3a".
       Task "MakeDir"
       Done executing task "MakeDir".
       Using "WriteLinesToFile" task from assembly "Microsoft.Build.Tasks.Core, Version=14.0.0.0, Culture=neutral, PublicKeyToken=b03f5f7f11d50a3a".
       Task "WriteLinesToFile"
       Done executing task "WriteLinesToFile".
     1>Done building target "CoreClean" in project "GCVD.vcxproj".
     1>Target "AssignProjectConfiguration" in file "C:\Program Files (x86)\MSBuild\14.0\bin\Microsoft.Common.CurrentVersion.targets" from project "C:\workSpace\dev\PTAM64bits\temp\PTAM-64bits\build\GCVD\GCVD.vcxproj" (target "CleanReferencedProjects" depends on it):
       Using "AssignProjectConfiguration" task from assembly "Microsoft.Build.Tasks.Core, Version=14.0.0.0, Culture=neutral, PublicKeyToken=b03f5f7f11d50a3a".
       Task "AssignProjectConfiguration"
         Project reference "C:/workSpace/dev/PTAM64bits/temp/PTAM-64bits/build/ZERO_CHECK.vcxproj" has been assigned the "Release|x64" configuration.
       Done executing task "AssignProjectConfiguration".
     1>Done building target "AssignProjectConfiguration" in project "GCVD.vcxproj".
     1>Target "_SplitProjectReferencesByFileExistence" in file "C:\Program Files (x86)\MSBuild\14.0\bin\Microsoft.Common.CurrentVersion.targets" from project "C:\workSpace\dev\PTAM64bits\temp\PTAM-64bits\build\GCVD\GCVD.vcxproj" (target "CleanReferencedProjects" depends on it):
       Using "ResolveNonMSBuildProjectOutput" task from assembly "Microsoft.Build.Tasks.Core, Version=14.0.0.0, Culture=neutral, PublicKeyToken=b03f5f7f11d50a3a".
       Task "ResolveNonMSBuildProjectOutput"
         Resolving project reference "C:/workSpace/dev/PTAM64bits/temp/PTAM-64bits/build/ZERO_CHECK.vcxproj".
         Project reference "C:/workSpace/dev/PTAM64bits/temp/PTAM-64bits/build/ZERO_CHECK.vcxproj" has not been resolved.
       Done executing task "ResolveNonMSBuildProjectOutput".
     1>Done building target "_SplitProjectReferencesByFileExistence" in project "GCVD.vcxproj".
     1>Target "CleanReferencedProjects" in file "C:\Program Files (x86)\MSBuild\14.0\bin\Microsoft.Common.CurrentVersion.targets" from project "C:\workSpace\dev\PTAM64bits\temp\PTAM-64bits\build\GCVD\GCVD.vcxproj" (target "Clean" depends on it):
       Task "MSBuild" skipped, due to false condition; ('$(BuildingInsideVisualStudio)' != 'true' and '$(BuildProjectReferences)' == 'true' and '@(_MSBuildProjectReferenceExistent)' != '') was evaluated as ('true' != 'true' and 'true' == 'true' and 'C:/workSpace/dev/PTAM64bits/temp/PTAM-64bits/build/ZERO_CHECK.vcxproj' != '').
     1>Done building target "CleanReferencedProjects" in project "GCVD.vcxproj".
     1>Target "CleanPublishFolder" in file "C:\Program Files (x86)\MSBuild\14.0\bin\Microsoft.Common.CurrentVersion.targets" from project "C:\workSpace\dev\PTAM64bits\temp\PTAM-64bits\build\GCVD\GCVD.vcxproj" (target "Clean" depends on it):
       Task "RemoveDir" skipped, due to false condition; ('$(PublishDir)'=='$(OutputPath)app.publish\' and Exists('$(PublishDir)')) was evaluated as ('C:\workSpace\dev\PTAM64bits\temp\PTAM-64bits\build\GCVD\Release\app.publish\'=='C:\workSpace\dev\PTAM64bits\temp\PTAM-64bits\build\GCVD\Release\app.publish\' and Exists('C:\workSpace\dev\PTAM64bits\temp\PTAM-64bits\build\GCVD\Release\app.publish\')).
     1>Done building target "CleanPublishFolder" in project "GCVD.vcxproj".
     1>Target "AfterClean" in file "C:\Program Files (x86)\MSBuild\14.0\bin\Microsoft.Common.CurrentVersion.targets" from project "C:\workSpace\dev\PTAM64bits\temp\PTAM-64bits\build\GCVD\GCVD.vcxproj" (target "Clean" depends on it):
     1>Done building target "AfterClean" in project "GCVD.vcxproj".
       Target "EntityClean" skipped, due to false condition; ('@(EntityDeploy)' != '') was evaluated as ('' != '').
     1>Target "BeforeCppClean" in file "C:\Program Files (x86)\MSBuild\Microsoft.Cpp\v4.0\V140\Microsoft.CppClean.targets" from project "C:\workSpace\dev\PTAM64bits\temp\PTAM-64bits\build\GCVD\GCVD.vcxproj" (target "CppClean" depends on it):
     1>Done building target "BeforeCppClean" in project "GCVD.vcxproj".
     1>Target "CoreCppClean" in file "C:\Program Files (x86)\MSBuild\Microsoft.Cpp\v4.0\V140\Microsoft.CppClean.targets" from project "C:\workSpace\dev\PTAM64bits\temp\PTAM-64bits\build\GCVD\GCVD.vcxproj" (target "CppClean" depends on it):
       Task "MakeDir"
       Done executing task "MakeDir".
       Using "CppClean" task from assembly "C:\Program Files (x86)\MSBuild\Microsoft.Cpp\v4.0\V140\Microsoft.Build.CppTasks.Common.dll".
       Task "CppClean"
       Done executing task "CppClean".
       Task "WriteLinesToFile"
       Done executing task "WriteLinesToFile".
     1>Done building target "CoreCppClean" in project "GCVD.vcxproj".
     1>Target "AfterCppClean" in file "C:\Program Files (x86)\MSBuild\Microsoft.Cpp\v4.0\V140\Microsoft.CppClean.targets" from project "C:\workSpace\dev\PTAM64bits\temp\PTAM-64bits\build\GCVD\GCVD.vcxproj" (target "CppClean" depends on it):
     1>Done building target "AfterCppClean" in project "GCVD.vcxproj".
     1>Target "PGInstrumentedClean" in file "C:\Program Files (x86)\MSBuild\Microsoft.Cpp\v4.0\V140\Microsoft.CppClean.targets" from project "C:\workSpace\dev\PTAM64bits\temp\PTAM-64bits\build\GCVD\GCVD.vcxproj" (target "CppClean" depends on it):
       Task "Delete"
       Done executing task "Delete".
     1>Done building target "PGInstrumentedClean" in project "GCVD.vcxproj".
     1>Target "CppClean" in file "C:\Program Files (x86)\MSBuild\Microsoft.Cpp\v4.0\V140\Microsoft.CppClean.targets" from project "C:\workSpace\dev\PTAM64bits\temp\PTAM-64bits\build\GCVD\GCVD.vcxproj" (target "Clean" depends on it):
     1>Done building target "CppClean" in project "GCVD.vcxproj".
     1>Target "Clean" in file "C:\Program Files (x86)\MSBuild\14.0\bin\Microsoft.Common.CurrentVersion.targets" from project "C:\workSpace\dev\PTAM64bits\temp\PTAM-64bits\build\GCVD\GCVD.vcxproj" (target "Rebuild" depends on it):
     1>Done building target "Clean" in project "GCVD.vcxproj".
     1>Target "_PrepareForBuild" in file "C:\Program Files (x86)\MSBuild\Microsoft.Cpp\v4.0\V140\Microsoft.BuildSteps.Targets" from project "C:\workSpace\dev\PTAM64bits\temp\PTAM-64bits\build\GCVD\GCVD.vcxproj" (target "Build" depends on it):
       Task "CreateItem" skipped, due to false condition; ('%(CustomBuild.IncludeFileToTool)'!='') was evaluated as (''!='').
     1>Done building target "_PrepareForBuild" in project "GCVD.vcxproj".
     1>Target "_PrepareForReferenceResolution" in file "C:\Program Files (x86)\MSBuild\Microsoft.Cpp\v4.0\V140\Microsoft.CppBuild.targets" from project "C:\workSpace\dev\PTAM64bits\temp\PTAM-64bits\build\GCVD\GCVD.vcxproj" (target "ResolveReferences" depends on it):
       Task "Message" skipped, due to false condition; ('$(_REFERENCE_DEBUG)'=='true') was evaluated as (''=='true').
     1>Done building target "_PrepareForReferenceResolution" in project "GCVD.vcxproj".
       Target "ComputeCrtSDKReference" skipped, due to false condition; ('@(ClCompile)'!='' and '$(WindowsAppContainer)'=='true' and '$(UseCrtSDKReference)' != 'false') was evaluated as ('C:\workSpace\dev\PTAM64bits\temp\PTAM-64bits\GCVD\gltext.cpp;C:\workSpace\dev\PTAM64bits\temp\PTAM-64bits\GCVD\GLWindow.cpp;C:\workSpace\dev\PTAM64bits\temp\PTAM-64bits\GCVD\timer.cpp'!='' and 'false'=='true' and '' != 'false').
     1>Target "BeforeResolveReferences" in file "C:\Program Files (x86)\MSBuild\14.0\bin\Microsoft.Common.CurrentVersion.targets" from project "C:\workSpace\dev\PTAM64bits\temp\PTAM-64bits\build\GCVD\GCVD.vcxproj" (target "ResolveReferences" depends on it):
     1>Done building target "BeforeResolveReferences" in project "GCVD.vcxproj".
       Target "AssignProjectConfiguration" skipped. Previously built successfully.
       Target "AssignProjectConfiguration" skipped. Previously built successfully.
       Target "_SplitProjectReferencesByFileExistence" skipped. Previously built successfully.
     1>Target "_RemoveNameMetadataFromProjectReferenceItems" in file "C:\Program Files (x86)\MSBuild\Microsoft.Cpp\v4.0\V140\Microsoft.CppBuild.targets" from project "C:\workSpace\dev\PTAM64bits\temp\PTAM-64bits\build\GCVD\GCVD.vcxproj" (target "ResolveProjectReferences" depends on it):
     1>Done building target "_RemoveNameMetadataFromProjectReferenceItems" in project "GCVD.vcxproj".
     1>Target "ResolveProjectReferences" in file "C:\Program Files (x86)\MSBuild\14.0\bin\Microsoft.Common.CurrentVersion.targets" from project "C:\workSpace\dev\PTAM64bits\temp\PTAM-64bits\build\GCVD\GCVD.vcxproj" (target "ResolveReferences" depends on it):
       Using "MSBuild" task from assembly "Microsoft.Build.Tasks.Core, Version=14.0.0.0, Culture=neutral, PublicKeyToken=b03f5f7f11d50a3a".
       Task "MSBuild"
         Global Properties:
           Configuration=Release
           Platform=x64
     1>Project "C:\workSpace\dev\PTAM64bits\temp\PTAM-64bits\build\GCVD\GCVD.vcxproj" (1) is building "C:\workSpace\dev\PTAM64bits\temp\PTAM-64bits\build\ZERO_CHECK.vcxproj" (2) on node 2 (GetTargetPath target(s)).
     2>Building with tools version "14.0".
       Target "_CheckForInvalidConfigurationAndPlatform" skipped. Previously built successfully.
       Target "GetTargetPath" skipped. Previously built successfully.
     2>Done Building Project "C:\workSpace\dev\PTAM64bits\temp\PTAM-64bits\build\ZERO_CHECK.vcxproj" (GetTargetPath target(s)).
     1>Done executing task "MSBuild".
       Task "MSBuild" skipped, due to false condition; ('%(_MSBuildProjectReferenceExistent.BuildReference)' == 'true' and '@(ProjectReferenceWithConfiguration)' != '' and ('$(BuildingInsideVisualStudio)' == 'true' or '$(BuildProjectReferences)' != 'true') and '$(VisualStudioVersion)' == '10.0' and '@(_MSBuildProjectReferenceExistent)' != '') was evaluated as ('true' == 'true' and 'C:/workSpace/dev/PTAM64bits/temp/PTAM-64bits/build/ZERO_CHECK.vcxproj' != '' and ('true' == 'true' or 'true' != 'true') and '14.0' == '10.0' and 'C:/workSpace/dev/PTAM64bits/temp/PTAM-64bits/build/ZERO_CHECK.vcxproj' != '').
       Task "MSBuild" skipped, due to false condition; ('%(_MSBuildProjectReferenceExistent.BuildReference)' == 'true' and '@(ProjectReferenceWithConfiguration)' != '' and '$(BuildingInsideVisualStudio)' != 'true' and '$(BuildProjectReferences)' == 'true' and '@(_MSBuildProjectReferenceExistent)' != '') was evaluated as ('true' == 'true' and 'C:/workSpace/dev/PTAM64bits/temp/PTAM-64bits/build/ZERO_CHECK.vcxproj' != '' and 'true' != 'true' and 'true' == 'true' and 'C:/workSpace/dev/PTAM64bits/temp/PTAM-64bits/build/ZERO_CHECK.vcxproj' != '').
       Task "MSBuild"
         Global Properties:
           Configuration=Release
           Platform=x64
     1>Project "C:\workSpace\dev\PTAM64bits\temp\PTAM-64bits\build\GCVD\GCVD.vcxproj" (1) is building "C:\workSpace\dev\PTAM64bits\temp\PTAM-64bits\build\ZERO_CHECK.vcxproj" (2:2) on node 2 (GetNativeManifest target(s)).
   2:2>Building with tools version "14.0".
       Target "_CheckForInvalidConfigurationAndPlatform" skipped. Previously built successfully.
       Target "GetNativeManifest" skipped. Previously built successfully.
   2:2>Done Building Project "C:\workSpace\dev\PTAM64bits\temp\PTAM-64bits\build\ZERO_CHECK.vcxproj" (GetNativeManifest target(s)).
     1>Done executing task "MSBuild".
       Task "Warning" skipped, due to false condition; ('@(ProjectReferenceWithConfiguration)' != '' and '@(_MSBuildProjectReferenceNonexistent)' != '') was evaluated as ('C:/workSpace/dev/PTAM64bits/temp/PTAM-64bits/build/ZERO_CHECK.vcxproj' != '' and '' != '').
     1>Done building target "ResolveProjectReferences" in project "GCVD.vcxproj".
       Target "FindInvalidProjectReferences" skipped, due to false condition; ('$(FindInvalidProjectReferences)' == 'true') was evaluated as ('' == 'true').
       Target "ResolveNativeReferences" skipped, due to false condition; ('@(NativeReference)'!='') was evaluated as (''!='').
       Target "_PrepareForReferenceResolution" skipped. Previously built successfully.
     1>Target "GetFrameworkPaths" in file "C:\Program Files (x86)\MSBuild\14.0\bin\Microsoft.NetFramework.CurrentVersion.targets" from project "C:\workSpace\dev\PTAM64bits\temp\PTAM-64bits\build\GCVD\GCVD.vcxproj" (target "ResolveAssemblyReferences" depends on it):
     1>Done building target "GetFrameworkPaths" in project "GCVD.vcxproj".
       Target "GetWinFXPath" skipped, due to false condition; (('@(Page)' != '' or '@(ApplicationDefinition)' != '' or '@(Resource)' != '') and ('$(GetWinFXNativePath)' != '' or '$(GetWinFXWoWPath)' != '' )) was evaluated as (('' != '' or '' != '' or '' != '') and ('' != '' or '' != '' )).
     1>Target "GetReferenceAssemblyPaths" in file "C:\Program Files (x86)\MSBuild\14.0\bin\Microsoft.Common.CurrentVersion.targets" from project "C:\workSpace\dev\PTAM64bits\temp\PTAM-64bits\build\GCVD\GCVD.vcxproj" (target "ResolveAssemblyReferences" depends on it):
       Task "GetReferenceAssemblyPaths" skipped, due to false condition; ('$(TargetFrameworkMoniker)' != '' and ('$(_TargetFrameworkDirectories)' == '' or '$(_FullFrameworkReferenceAssemblyPaths)' == '')) was evaluated as ('' != '' and ('C:\Program Files (x86)\Reference Assemblies\Microsoft\Framework\.NETFramework\v4.0' == '' or 'C:\Program Files (x86)\Reference Assemblies\Microsoft\Framework\.NETFramework\v4.0' == '')).
     1>Done building target "GetReferenceAssemblyPaths" in project "GCVD.vcxproj".
     1>Target "SetBuildDefaultEnvironmentVariables" in file "C:\Program Files (x86)\MSBuild\Microsoft.Cpp\v4.0\V140\Microsoft.Cpp.Current.targets" from project "C:\workSpace\dev\PTAM64bits\temp\PTAM-64bits\build\GCVD\GCVD.vcxproj" (target "PrepareForBuild" depends on it):
       Using "SetEnv" task from assembly "C:\Program Files (x86)\MSBuild\Microsoft.Cpp\v4.0\V140\Microsoft.Build.CppTasks.Common.dll".
       Task "SetEnv"
         PATH=C:\Program Files (x86)\Microsoft Visual Studio 14.0\VC\bin\x86_amd64;C:\Program Files (x86)\Microsoft Visual Studio 14.0\VC\bin;C:\Program Files (x86)\Windows Kits\8.1\bin\x86;;C:\Program Files (x86)\Microsoft SDKs\Windows\v10.0A\bin\NETFX 4.6.1 Tools;C:\Program Files (x86)\Microsoft Visual Studio 14.0\Common7\tools;C:\Program Files (x86)\Microsoft Visual Studio 14.0\Common7\ide;C:\Program Files (x86)\HTML Help Workshop;;C:\Program Files (x86)\MSBuild\14.0\bin\;C:\WINDOWS\Microsoft.NET\Framework\v4.0.30319\;;C:\Program Files (x86)\Microsoft Visual Studio 14.0\Common7\IDE\CommonExtensions\Microsoft\TeamFoundation\Team Explorer\NativeBinaries\x86;C:\Program Files (x86)\Common Files\Intel\Shared Files\fortran\bin\Intel64;C:\Program Files (x86)\Common Files\Intel\Shared Files\cpp\bin\Intel64;C:\Program Files\NVIDIA GPU Computing Toolkit\CUDA\v8.0\bin;C:\Program Files\NVIDIA GPU Computing Toolkit\CUDA\v8.0\libnvvp;C:\Program Files (x86)\Intel\iCLS Client\;C:\Program Files\Intel\iCLS Client\;C:\Windows\system32;C:\Windows;C:\Windows\System32\Wbem;C:\Windows\System32\WindowsPowerShell\v1.0\;C:\Program Files (x86)\NVIDIA Corporation\PhysX\Common;C:\Program Files (x86)\Intel\Intel(R) Management Engine Components\DAL;C:\Program Files\Intel\Intel(R) Management Engine Components\DAL;C:\Program Files (x86)\Intel\Intel(R) Management Engine Components\IPT;C:\Program Files\Intel\Intel(R) Management Engine Components\IPT;C:\WINDOWS\system32;C:\WINDOWS;C:\WINDOWS\System32\Wbem;C:\WINDOWS\System32\WindowsPowerShell\v1.0\;C:\Users\2501\.dnx\bin;C:\Program Files\Microsoft DNX\Dnvm\;C:\Program Files (x86)\Windows Kits\8.1\Windows Performance Toolkit\;C:\Program Files\Microsoft SQL Server\130\Tools\Binn\;C:\Mylib\Qt5.6.1\5.6\msvc2015_64bin;C:\Program Files\Oracle\VirtualBox\;C:\Mylib\opencv3.1.0_cuda\2501build\install\x64\vc14\bin;C:\workSpace\environment64\lapack\bin;C:\workSpace\environment\glew\bin;C:\workSpace\environment\1394camera646\bin;C:\workSpace\environment\pthreads\bin;C:\WINDOWS\SysWOW64\WindowsPowerShell\v1.0\Modules\TShell\TShell\;C:\Program Files (x86)\Windows Kits\10\Tools\x64;C:\Program Files (x86)\Microsoft Visual Studio 14.0\VC\bin;C:\Program Files (x86)\CMake\bin;C:\workSpace\environment64\lapack\bin;C:\workSpace\environment64\glew-2.0.0\bin;C:\workSpace\environment64\pthreads\x64\bin;C:\Mylib\Qt5.6.1\5.6\msvc2015_64\bin;C:\workSpace\environment\lapack\bin;C:\Users\2501\AppData\Local\Microsoft\WindowsApps;;C:\Program Files (x86)\Microsoft VS Code\bin;
       Done executing task "SetEnv".
       Task "SetEnv"
         LIB=C:\Program Files (x86)\Microsoft Visual Studio 14.0\VC\lib\amd64;;C:\Program Files (x86)\Microsoft Visual Studio 14.0\VC\atlmfc\lib\amd64;;C:\Program Files (x86)\Windows Kits\10\lib\10.0.10240.0\ucrt\x64;;;C:\Program Files (x86)\Windows Kits\8.1\lib\winv6.3\um\x64;;C:\Program Files (x86)\Windows Kits\NETFXSDK\4.6.1\Lib\um\x64
       Done executing task "SetEnv".
       Task "SetEnv"
         LIBPATH=C:\Program Files (x86)\Microsoft Visual Studio 14.0\VC\atlmfc\lib\amd64;;C:\Program Files (x86)\Microsoft Visual Studio 14.0\VC\lib\amd64;
       Done executing task "SetEnv".
       Task "SetEnv"
         INCLUDE=C:\Program Files (x86)\Microsoft Visual Studio 14.0\VC\include;;C:\Program Files (x86)\Microsoft Visual Studio 14.0\VC\atlmfc\include;;C:\Program Files (x86)\Windows Kits\10\Include\10.0.10240.0\ucrt;;;C:\Program Files (x86)\Windows Kits\8.1\Include\um;C:\Program Files (x86)\Windows Kits\8.1\Include\shared;C:\Program Files (x86)\Windows Kits\8.1\Include\winrt;;
       Done executing task "SetEnv".
     1>Done building target "SetBuildDefaultEnvironmentVariables" in project "GCVD.vcxproj".
       Target "SetUserMacroEnvironmentVariables" skipped, due to false condition; ('@(BuildMacro)' != '' and '$(DesignTimeBuild)' != 'true') was evaluated as ('' != '' and '' != 'true').
     1>Target "GetResolvedWinMD" in file "C:\Program Files (x86)\MSBuild\Microsoft.Cpp\v4.0\V140\Microsoft.CppBuild.targets" from project "C:\workSpace\dev\PTAM64bits\temp\PTAM-64bits\build\GCVD\GCVD.vcxproj" (target "PrepareForBuild" depends on it):
     1>Done building target "GetResolvedWinMD" in project "GCVD.vcxproj".
     1>Target "PlatformPrepareForBuild" in file "C:\Program Files (x86)\MSBuild\Microsoft.Cpp\v4.0\V140\Microsoft.Cpp.Platform.targets" from project "C:\workSpace\dev\PTAM64bits\temp\PTAM-64bits\build\GCVD\GCVD.vcxproj" (target "PrepareForBuild" depends on it):
       Task "VCMessage" skipped, due to false condition; ('$(_Error64bitToolsNotInstalled)' == 'true') was evaluated as ('' == 'true').
       Task "VCMessage" skipped, due to false condition; ('$(DesignTimeBuild)'!='true' and '$(_ToolsetFound)' != 'true' and '$(PlatformToolset)' == 'v110') was evaluated as (''!='true' and 'true' != 'true' and 'v140' == 'v110').
       Task "VCMessage" skipped, due to false condition; ('$(DesignTimeBuild)'!='true' and '$(_ToolsetFound)' != 'true' and '$(PlatformToolset)' == 'v100') was evaluated as (''!='true' and 'true' != 'true' and 'v140' == 'v100').
       Task "VCMessage" skipped, due to false condition; ('$(DesignTimeBuild)'!='true' and '$(_ToolsetFound)' != 'true' and '$(PlatformToolset)' == 'v90') was evaluated as (''!='true' and 'true' != 'true' and 'v140' == 'v90').
       Task "VCMessage" skipped, due to false condition; ('$(DesignTimeBuild)'!='true' and '$(_ToolsetFound)' != 'true' and '$(PlatformToolset)' != 'v90' and '$(PlatformToolset)' != 'v100' and '$(PlatformToolset)' != 'v110') was evaluated as (''!='true' and 'true' != 'true' and 'v140' != 'v90' and 'v140' != 'v100' and 'v140' != 'v110').
     1>Done building target "PlatformPrepareForBuild" in project "GCVD.vcxproj".
     1>Target "Desktop_PlatformPrepareForBuild" in file "C:\Program Files (x86)\MSBuild\Microsoft.Cpp\v4.0\V140\Platforms\x64\PlatformToolsets\v140\Toolset.targets" from project "C:\workSpace\dev\PTAM64bits\temp\PTAM-64bits\build\GCVD\GCVD.vcxproj" (target "PrepareForBuild" depends on it):
       Task "VCMessage" skipped, due to false condition; ($(MissingSDKProps) == 'true') was evaluated as ( == 'true').
     1>Done building target "Desktop_PlatformPrepareForBuild" in project "GCVD.vcxproj".
       Target "GetFrameworkPaths" skipped. Previously built successfully.
       Target "GetReferenceAssemblyPaths" skipped. Previously built successfully.
       Target "AssignLinkMetadata" skipped, due to false condition; ( '$(SynthesizeLinkMetadata)' == 'true' ) was evaluated as ( '' == 'true' ).
     1>Target "SetCABuildNativeEnvironmentVariables" in file "C:\Program Files (x86)\MSBuild\Microsoft\VisualStudio\v14.0\CodeAnalysis\Microsoft.CodeAnalysis.targets" from project "C:\workSpace\dev\PTAM64bits\temp\PTAM-64bits\build\GCVD\GCVD.vcxproj" (target "PrepareForBuild" depends on it):
       Initializing task factory "CodeTaskFactory" from assembly "C:\Program Files (x86)\MSBuild\14.0\bin\Microsoft.Build.Tasks.Core.dll".
       Using "SetEnvironmentVariable" task from the task factory "Code Task Factory".
       Task "SetEnvironmentVariable"
       Done executing task "SetEnvironmentVariable".
     1>Done building target "SetCABuildNativeEnvironmentVariables" in project "GCVD.vcxproj".
     1>Target "PrepareForBuild" in file "C:\Program Files (x86)\MSBuild\Microsoft.Cpp\v4.0\V140\Microsoft.CppBuild.targets" from project "C:\workSpace\dev\PTAM64bits\temp\PTAM-64bits\build\GCVD\GCVD.vcxproj" (target "ResolveAssemblyReferences" depends on it):
       Task "VCMessage" skipped, due to false condition; ('$(DesignTimeBuild)' != 'true' and '$(ConfigurationPlatformExists)' != 'true') was evaluated as ('' != 'true' and 'true' != 'true').
       Task "MakeDir"
       Done executing task "MakeDir".
       Task "VCMessage" skipped, due to false condition; ('$(DesignTimeBuild)'!='true' and '$(WindowsAppContainer)'=='true' and '$(ConfigurationType)'!='Application' and '$(ConfigurationType)'!='DynamicLibrary' and '$(ConfigurationType)'!='StaticLibrary') was evaluated as (''!='true' and 'false'=='true' and 'StaticLibrary'!='Application' and 'StaticLibrary'!='DynamicLibrary' and 'StaticLibrary'!='StaticLibrary').
       Task "VCMessage" skipped, due to false condition; ('$(DesignTimeBuild)'!='true' and '$(VCInstallDir)'=='' and '$(UseEnv)' != 'true' and ('$(TargetFrameworkVersion)'=='v3.5' or '$(TargetFrameworkVersion)'=='v3.0' or '$(TargetFrameworkVersion)'=='v2.0' )) was evaluated as (''!='true' and 'C:\Program Files (x86)\Microsoft Visual Studio 14.0\VC\'=='' and '' != 'true' and ('v4.0'=='v3.5' or 'v4.0'=='v3.0' or 'v4.0'=='v2.0' )).
       Task "VCMessage" skipped, due to false condition; ('$(DesignTimeBuild)'!='true' and '$(VCInstallDir)'=='' and '$(UseEnv)' != 'true' and '$(PlatformToolset)'=='v90') was evaluated as (''!='true' and 'C:\Program Files (x86)\Microsoft Visual Studio 14.0\VC\'=='' and '' != 'true' and 'v140'=='v90').
       Task "VCMessage" skipped, due to false condition; ('$(VCInstallDir)'=='' and '$(UseEnv)' != 'true') was evaluated as ('C:\Program Files (x86)\Microsoft Visual Studio 14.0\VC\'=='' and '' != 'true').
       Task "VCMessage" skipped, due to false condition; ('$(WindowsSDKDir)'=='' and '$(UseEnv)' != 'true') was evaluated as ('C:\Program Files (x86)\Windows Kits\8.1\'=='' and '' != 'true').
       Task "VCMessage" skipped, due to false condition; ('$(IntDirTrailingSlashWarning)'=='true') was evaluated as (''=='true').
       Task "VCMessage" skipped, due to false condition; ('$(OutDirTrailingSlashWarning)'=='true') was evaluated as (''=='true').
       Task "VCMessage" skipped, due to false condition; ('%(CompatibilityIssues.Identity)' != '' and '$(DesignTimeBuild)'!='true') was evaluated as ('' != '' and ''!='true').
       Task "VCMessage" skipped, due to false condition; ('$(_MBCS_Using)' == 'true' and '$(_MBCS_Installed)' != 'true' and '$(DesignTimeBuild)' != 'true') was evaluated as ('' == 'true' and '' != 'true' and '' != 'true').
       Task "VCMessage" skipped, due to false condition; ('$(IgnoreWarnIntDirSharingDetected)' != 'true' and '$(IntDirSharingDetected)' == 'true') was evaluated as ('' != 'true' and '' == 'true').
       Task "VCMessage" skipped, due to false condition; ('$(IgnoreWarnIntDirInTempDetected)' != 'true' and ('$(_IntDirFullpath.StartsWith($(Tmp), true, null))' == 'true' or '$(_IntDirFullpath.StartsWith($(Temp), true, null))' == 'true' or '$(_OutDirFullpath.StartsWith($(Tmp), true, null))' == 'true' or '$(_OutDirFullpath.StartsWith($(Temp), true, null))' == 'true')) was evaluated as ('' != 'true' and ('False' == 'true' or 'False' == 'true' or 'False' == 'true' or 'False' == 'true')).
       Task "MakeDir"
       Done executing task "MakeDir".
     1>Done building target "PrepareForBuild" in project "GCVD.vcxproj".
       Target "_PrepareForReferenceResolution" skipped. Previously built successfully.
       Target "ComputeCrtSDKReference" skipped, due to false condition; ('@(ClCompile)'!='' and '$(WindowsAppContainer)'=='true' and '$(UseCrtSDKReference)' != 'false') was evaluated as ('C:\workSpace\dev\PTAM64bits\temp\PTAM-64bits\GCVD\gltext.cpp;C:\workSpace\dev\PTAM64bits\temp\PTAM-64bits\GCVD\GLWindow.cpp;C:\workSpace\dev\PTAM64bits\temp\PTAM-64bits\GCVD\timer.cpp'!='' and 'false'=='true' and '' != 'false').
     1>Target "GetInstalledSDKLocations" in file "C:\Program Files (x86)\MSBuild\14.0\bin\Microsoft.Common.CurrentVersion.targets" from project "C:\workSpace\dev\PTAM64bits\temp\PTAM-64bits\build\GCVD\GCVD.vcxproj" (target "ResolveSDKReferences" depends on it):
       Task "GetInstalledSDKLocations" skipped, due to false condition; ('@(SDKReference)' != '') was evaluated as ('' != '').
       Task "GetInstalledSDKLocations" skipped, due to false condition; ('@(SDKReference)' != '' and '$(SupportWindows81SDKs)' == 'true' and '$(TargetPlatformIdentifierWindows81)' != '' and '$(TargetPlatformVersionWindows81)' != '') was evaluated as ('' != '' and '' == 'true' and '' != '' and '' != '').
       Task "GetInstalledSDKLocations" skipped, due to false condition; ('@(SDKReference)' != '' and '$(SupportWindowsPhone81SDKs)' == 'true' and '$(TargetPlatformIdentifierWindowsPhone81)' != '' and '$(TargetPlatformVersionWindowsPhone81)' != '') was evaluated as ('' != '' and '' == 'true' and '' != '' and '' != '').
     1>Done building target "GetInstalledSDKLocations" in project "GCVD.vcxproj".
     1>Target "ModifyUnitTestPlatformVersion" in file "C:\Program Files (x86)\MSBuild\14.0\Microsoft.Common.targets\ImportBefore\Windows.8.1.UT_SDKReference.props" from project "C:\workSpace\dev\PTAM64bits\temp\PTAM-64bits\build\GCVD\GCVD.vcxproj" (target "ResolveSDKReferences" depends on it):
     1>Done building target "ModifyUnitTestPlatformVersion" in project "GCVD.vcxproj".
     1>Target "ResolveSDKReferences" in file "C:\Program Files (x86)\MSBuild\14.0\bin\Microsoft.Common.CurrentVersion.targets" from project "C:\workSpace\dev\PTAM64bits\temp\PTAM-64bits\build\GCVD\GCVD.vcxproj" (target "ResolveAssemblyReferences" depends on it):
       Task "ResolveSDKReference" skipped, due to false condition; ('@(SDKReference)'!='') was evaluated as (''!='').
     1>Done building target "ResolveSDKReferences" in project "GCVD.vcxproj".
       Target "ResolveSDKReferences" skipped. Previously built successfully.
     1>Target "ExpandSDKReferences" in file "C:\Program Files (x86)\MSBuild\14.0\bin\Microsoft.Common.CurrentVersion.targets" from project "C:\workSpace\dev\PTAM64bits\temp\PTAM-64bits\build\GCVD\GCVD.vcxproj" (target "ResolveAssemblyReferences" depends on it):
       Task "GetSDKReferenceFiles" skipped, due to false condition; ('@(ResolvedSDKReference)'!='') was evaluated as (''!='').
     1>Done building target "ExpandSDKReferences" in project "GCVD.vcxproj".
       Target "ResolveNuGetPackageAssets" skipped, due to false condition; ('$(ResolveNuGetPackages)' == 'true' and exists('$(ProjectLockFile)')) was evaluated as ('true' == 'true' and exists('project.lock.json')).
     1>Target "ResolveAssemblyReferences" in file "C:\Program Files (x86)\MSBuild\14.0\bin\Microsoft.Common.CurrentVersion.targets" from project "C:\workSpace\dev\PTAM64bits\temp\PTAM-64bits\build\GCVD\GCVD.vcxproj" (target "ResolveReferences" depends on it):
       Task "ResolveAssemblyReference" skipped, due to false condition; ('@(Reference)'!='' or '@(_ResolvedProjectReferencePaths)'!='' or '@(_ExplicitReference)' != '') was evaluated as (''!='' or ''!='' or '' != '').
     1>Done building target "ResolveAssemblyReferences" in project "GCVD.vcxproj".
       Target "GenerateBindingRedirects" skipped, due to false condition; ('$(AutoGenerateBindingRedirects)' == 'true' and '$(GenerateBindingRedirectsOutputType)' == 'true') was evaluated as ('' == 'true' and '' == 'true').
       Target "GenerateBindingRedirectsUpdateAppConfig" skipped, due to false condition; ('$(AutoGenerateBindingRedirects)' == 'true' and '$(GenerateBindingRedirectsOutputType)' == 'true' and Exists('$(_GenerateBindingRedirectsIntermediateAppConfig)')) was evaluated as ('' == 'true' and '' == 'true' and Exists('GCVD.dir\Release\GCVD.vcxproj.GCVD.lib.config')).
       Target "ResolveComReferences" skipped, due to false condition; ('@(COMReference)'!='' or '@(COMFileReference)'!='') was evaluated as (''!='' or ''!='').
     1>Target "AfterResolveReferences" in file "C:\Program Files (x86)\MSBuild\14.0\bin\Microsoft.Common.CurrentVersion.targets" from project "C:\workSpace\dev\PTAM64bits\temp\PTAM-64bits\build\GCVD\GCVD.vcxproj" (target "ResolveReferences" depends on it):
     1>Done building target "AfterResolveReferences" in project "GCVD.vcxproj".
       Target "ImplicitlyExpandDesignTimeFacades" skipped, due to false condition; ('$(ImplicitlyExpandDesignTimeFacades)' == 'true') was evaluated as ('' == 'true').
       Target "ResolveTestReferences" skipped, due to false condition; ('@(Shadow)'!='') was evaluated as (''!='').
     1>Target "ResolveReferences" in file "C:\Program Files (x86)\MSBuild\14.0\bin\Microsoft.Common.CurrentVersion.targets" from project "C:\workSpace\dev\PTAM64bits\temp\PTAM-64bits\build\GCVD\GCVD.vcxproj" (target "Build" depends on it):
     1>Done building target "ResolveReferences" in project "GCVD.vcxproj".
       Target "PrepareForBuild" skipped. Previously built successfully.
       Target "PrepareForBuild" skipped. Previously built successfully.
     1>Target "InitializeBuildStatus" in file "C:\Program Files (x86)\MSBuild\Microsoft.Cpp\v4.0\V140\Microsoft.CppBuild.targets" from project "C:\workSpace\dev\PTAM64bits\temp\PTAM-64bits\build\GCVD\GCVD.vcxproj" (target "Build" depends on it):
       Task "ReadLinesFromFile"
       Done executing task "ReadLinesFromFile".
       Task "WriteLinesToFile"
       Done executing task "WriteLinesToFile".
       Using "Touch" task from assembly "Microsoft.Build.Tasks.Core, Version=14.0.0.0, Culture=neutral, PublicKeyToken=b03f5f7f11d50a3a".
       Task "Touch"
         Creating "GCVD.dir\Release\GCVD.tlog\unsuccessfulbuild" because "AlwaysCreate" was specified.
       Done executing task "Touch".
     1>Done building target "InitializeBuildStatus" in project "GCVD.vcxproj".
       Target "AssignProjectConfiguration" skipped. Previously built successfully.
       Target "_SplitProjectReferencesByFileExistence" skipped. Previously built successfully.
     1>Target "BuildGenerateSourcesTraverse" in file "C:\Program Files (x86)\MSBuild\14.0\bin\Microsoft.Common.CurrentVersion.targets" from project "C:\workSpace\dev\PTAM64bits\temp\PTAM-64bits\build\GCVD\GCVD.vcxproj" (target "BuildGenerateSources" depends on it):
       Task "MSBuild" skipped, due to false condition; ('$(BuildPassReferences)' == 'true' and '@(ProjectReferenceWithConfiguration)' != '' and '@(_MSBuildProjectReferenceExistent)' != '' and '%(_MSBuildProjectReferenceExistent.BuildReference)' == 'true') was evaluated as ('' == 'true' and 'C:/workSpace/dev/PTAM64bits/temp/PTAM-64bits/build/ZERO_CHECK.vcxproj' != '' and 'C:/workSpace/dev/PTAM64bits/temp/PTAM-64bits/build/ZERO_CHECK.vcxproj' != '' and 'true' == 'true').
     1>Done building target "BuildGenerateSourcesTraverse" in project "GCVD.vcxproj".
       Target "PrepareForBuild" skipped. Previously built successfully.
       Target "ResolveReferences" skipped. Previously built successfully.
     1>Target "BeforeBuildGenerateSources" in file "C:\Program Files (x86)\MSBuild\Microsoft.Cpp\v4.0\V140\Microsoft.BuildSteps.Targets" from project "C:\workSpace\dev\PTAM64bits\temp\PTAM-64bits\build\GCVD\GCVD.vcxproj" (target "_BuildGenerateSourcesAction" depends on it):
     1>Done building target "BeforeBuildGenerateSources" in project "GCVD.vcxproj".
     1>Target "PreBuildEvent" in file "C:\Program Files (x86)\MSBuild\Microsoft.Cpp\v4.0\V140\Microsoft.CppCommon.targets" from project "C:\workSpace\dev\PTAM64bits\temp\PTAM-64bits\build\GCVD\GCVD.vcxproj" (target "_BuildGenerateSourcesAction" depends on it):
       Task "Message" skipped, due to false condition; ('%(PreBuildEvent.Message)' != '' and '%(PreBuildEvent.Command)' != '') was evaluated as ('' != '' and '' != '').
       Task "Exec" skipped, due to false condition; ('%(PreBuildEvent.Command)' != '') was evaluated as ('' != '').
     1>Done building target "PreBuildEvent" in project "GCVD.vcxproj".
       Target "PrepareForBuild" skipped. Previously built successfully.
       Target "SetBuildDefaultEnvironmentVariables" skipped. Previously built successfully.
       Target "SetUserMacroEnvironmentVariables" skipped, due to false condition; ('@(BuildMacro)' != '' and '$(DesignTimeBuild)' != 'true') was evaluated as ('' != '' and '' != 'true').
     1>Target "_SelectedFiles" in file "C:\Program Files (x86)\MSBuild\Microsoft.Cpp\v4.0\V140\Microsoft.CppBuild.targets" from project "C:\workSpace\dev\PTAM64bits\temp\PTAM-64bits\build\GCVD\GCVD.vcxproj" (target "SelectCustomBuild" depends on it):
     1>Done building target "_SelectedFiles" in project "GCVD.vcxproj".
     1>Target "SelectCustomBuild" in file "C:\Program Files (x86)\MSBuild\Microsoft.Cpp\v4.0\V140\Microsoft.CppBuild.targets" from project "C:\workSpace\dev\PTAM64bits\temp\PTAM-64bits\build\GCVD\GCVD.vcxproj" (target "CustomBuild" depends on it):
     1>Done building target "SelectCustomBuild" in project "GCVD.vcxproj".
     1>Target "ComputeCustomBuildOutput" in file "C:\Program Files (x86)\MSBuild\Microsoft.Cpp\v4.0\V140\Microsoft.CppBuild.targets" from project "C:\workSpace\dev\PTAM64bits\temp\PTAM-64bits\build\GCVD\GCVD.vcxproj" (target "CustomBuild" depends on it):
       Task "CreateItem" skipped, due to false condition; ('%(CustomBuildDirsToMake.OutputFileToTool)'!='') was evaluated as (''!='').
       Task "MakeDir"
       Done executing task "MakeDir".
     1>Done building target "ComputeCustomBuildOutput" in project "GCVD.vcxproj".
     1>Target "CustomBuild" in file "C:\Program Files (x86)\MSBuild\Microsoft.Cpp\v4.0\V140\Microsoft.CppCommon.targets" from project "C:\workSpace\dev\PTAM64bits\temp\PTAM-64bits\build\GCVD\GCVD.vcxproj" (target "_BuildGenerateSourcesAction" depends on it):
       Using "CustomBuild" task from assembly "C:\Program Files (x86)\MSBuild\Microsoft.Cpp\v4.0\V140\Microsoft.Build.CppTasks.Common.dll".
       Task "CustomBuild"
         Forcing rebuild of all source files due to missing command TLog "C:\workSpace\dev\PTAM64bits\temp\PTAM-64bits\build\GCVD\GCVD.dir\Release\GCVD.tlog\custombuild.command.1.tlog".
         setlocal
         "C:\Program Files (x86)\CMake\bin\cmake.exe" -HC:/workSpace/dev/PTAM64bits/temp/PTAM-64bits -BC:/workSpace/dev/PTAM64bits/temp/PTAM-64bits/build --check-stamp-file C:\workSpace\dev\PTAM64bits\temp\PTAM-64bits\build\GCVD\CMakeFiles\generate.stamp
         if %errorlevel% neq 0 goto :cmEnd
         :cmEnd
         endlocal & call :cmErrorLevel %errorlevel% & goto :cmDone
         :cmErrorLevel
         exit /b %1
         :cmDone
         if %errorlevel% neq 0 goto :VCEnd
         Building Custom Rule C:/workSpace/dev/PTAM64bits/temp/PTAM-64bits/GCVD/CMakeLists.txt
         CMake does not need to re-run because C:\workSpace\dev\PTAM64bits\temp\PTAM-64bits\build\GCVD\CMakeFiles\generate.stamp is up-to-date.
       Done executing task "CustomBuild".
     1>Done building target "CustomBuild" in project "GCVD.vcxproj".
       Target "FxExport" skipped, due to false condition; ('@(FxCompile)' != '') was evaluated as ('' != '').
       Target "FxCompile" skipped, due to false condition; ('@(FxCompile)' != '') was evaluated as ('' != '').
       Target "Xsd" skipped, due to false condition; ('@(Xsd)' != '') was evaluated as ('' != '').
     1>Target "_Xsd" in file "C:\Program Files (x86)\MSBuild\Microsoft.Cpp\v4.0\V140\Microsoft.CppBuild.targets" from project "C:\workSpace\dev\PTAM64bits\temp\PTAM-64bits\build\GCVD\GCVD.vcxproj" (target "_BuildGenerateSourcesAction" depends on it):
     1>Done building target "_Xsd" in project "GCVD.vcxproj".
     1>Target "MakeDirsForMidl" in file "C:\Program Files (x86)\MSBuild\Microsoft.Cpp\v4.0\V140\Microsoft.CppBuild.targets" from project "C:\workSpace\dev\PTAM64bits\temp\PTAM-64bits\build\GCVD\GCVD.vcxproj" (target "_Midl" depends on it):
       Task "Makedir"
       Done executing task "Makedir".
     1>Done building target "MakeDirsForMidl" in project "GCVD.vcxproj".
       Target "Midl" skipped, due to false condition; ('@(Midl)' != '') was evaluated as ('' != '').
       Target "FxExport" skipped, due to false condition; ('@(FxCompile)' != '') was evaluated as ('' != '').
       Target "FxCompile" skipped, due to false condition; ('@(FxCompile)' != '') was evaluated as ('' != '').
     1>Target "ComputeMIDLGeneratedCompileInputs" in file "C:\Program Files (x86)\MSBuild\Microsoft.Cpp\v4.0\V140\Microsoft.CppBuild.targets" from project "C:\workSpace\dev\PTAM64bits\temp\PTAM-64bits\build\GCVD\GCVD.vcxproj" (target "_Midl" depends on it):
     1>Done building target "ComputeMIDLGeneratedCompileInputs" in project "GCVD.vcxproj".
     1>Target "AfterMidl" in file "C:\Program Files (x86)\MSBuild\Microsoft.Cpp\v4.0\V140\Microsoft.CppBuild.targets" from project "C:\workSpace\dev\PTAM64bits\temp\PTAM-64bits\build\GCVD\GCVD.vcxproj" (target "_Midl" depends on it):
     1>Done building target "AfterMidl" in project "GCVD.vcxproj".
     1>Target "_Midl" in file "C:\Program Files (x86)\MSBuild\Microsoft.Cpp\v4.0\V140\Microsoft.CppBuild.targets" from project "C:\workSpace\dev\PTAM64bits\temp\PTAM-64bits\build\GCVD\GCVD.vcxproj" (target "_BuildGenerateSourcesAction" depends on it):
     1>Done building target "_Midl" in project "GCVD.vcxproj".
     1>Target "AfterBuildGenerateSources" in file "C:\Program Files (x86)\MSBuild\Microsoft.Cpp\v4.0\V140\Microsoft.BuildSteps.Targets" from project "C:\workSpace\dev\PTAM64bits\temp\PTAM-64bits\build\GCVD\GCVD.vcxproj" (target "_BuildGenerateSourcesAction" depends on it):
     1>Done building target "AfterBuildGenerateSources" in project "GCVD.vcxproj".
     1>Target "AfterBuildGenerateSourcesEvent" in file "C:\Program Files (x86)\MSBuild\Microsoft.Cpp\v4.0\V140\Microsoft.CppBuild.targets" from project "C:\workSpace\dev\PTAM64bits\temp\PTAM-64bits\build\GCVD\GCVD.vcxproj" (target "_BuildGenerateSourcesAction" depends on it):
     1>Done building target "AfterBuildGenerateSourcesEvent" in project "GCVD.vcxproj".
     1>Target "_BuildGenerateSourcesAction" in file "C:\Program Files (x86)\MSBuild\Microsoft.Cpp\v4.0\V140\Microsoft.CppBuild.targets" from project "C:\workSpace\dev\PTAM64bits\temp\PTAM-64bits\build\GCVD\GCVD.vcxproj" (target "BuildGenerateSources" depends on it):
     1>Done building target "_BuildGenerateSourcesAction" in project "GCVD.vcxproj".
     1>Target "BuildGenerateSources" in file "C:\Program Files (x86)\MSBuild\14.0\bin\Microsoft.Common.CurrentVersion.targets" from project "C:\workSpace\dev\PTAM64bits\temp\PTAM-64bits\build\GCVD\GCVD.vcxproj" (target "Build" depends on it):
     1>Done building target "BuildGenerateSources" in project "GCVD.vcxproj".
       Target "AssignProjectConfiguration" skipped. Previously built successfully.
       Target "_SplitProjectReferencesByFileExistence" skipped. Previously built successfully.
     1>Target "BuildCompileTraverse" in file "C:\Program Files (x86)\MSBuild\14.0\bin\Microsoft.Common.CurrentVersion.targets" from project "C:\workSpace\dev\PTAM64bits\temp\PTAM-64bits\build\GCVD\GCVD.vcxproj" (target "BuildCompile" depends on it):
       Task "MSBuild" skipped, due to false condition; ('$(BuildPassReferences)' == 'true' and '@(ProjectReferenceWithConfiguration)' != '' and '@(_MSBuildProjectReferenceExistent)' != ''  and '%(_MSBuildProjectReferenceExistent.BuildReference)' == 'true') was evaluated as ('' == 'true' and 'C:/workSpace/dev/PTAM64bits/temp/PTAM-64bits/build/ZERO_CHECK.vcxproj' != '' and 'C:/workSpace/dev/PTAM64bits/temp/PTAM-64bits/build/ZERO_CHECK.vcxproj' != ''  and 'true' == 'true').
     1>Done building target "BuildCompileTraverse" in project "GCVD.vcxproj".
       Target "PrepareForBuild" skipped. Previously built successfully.
       Target "ResolveReferences" skipped. Previously built successfully.
     1>Target "BeforeClCompile" in file "C:\Program Files (x86)\MSBuild\Microsoft.Cpp\v4.0\V140\Microsoft.CppBuild.targets" from project "C:\workSpace\dev\PTAM64bits\temp\PTAM-64bits\build\GCVD\GCVD.vcxproj" (target "_ClCompile" depends on it):
     1>Done building target "BeforeClCompile" in project "GCVD.vcxproj".
       Target "ComputeMIDLGeneratedCompileInputs" skipped. Previously built successfully.
     1>Target "ComputeCLInputPDBName" in file "C:\Program Files (x86)\MSBuild\Microsoft.Cpp\v4.0\V140\Microsoft.CppBuild.targets" from project "C:\workSpace\dev\PTAM64bits\temp\PTAM-64bits\build\GCVD\GCVD.vcxproj" (target "_ClCompile" depends on it):
     1>Done building target "ComputeCLInputPDBName" in project "GCVD.vcxproj".
       Target "ResolveReferences" skipped. Previously built successfully.
     1>Target "ComputeReferenceCLInput" in file "C:\Program Files (x86)\MSBuild\Microsoft.Cpp\v4.0\V140\Microsoft.CppBuild.targets" from project "C:\workSpace\dev\PTAM64bits\temp\PTAM-64bits\build\GCVD\GCVD.vcxproj" (target "_ClCompile" depends on it):
       Task "WriteLinesToFile" skipped, due to false condition; (('@(_ReferenceCopyLocalPaths)'!='') and '$(DesignTimeBuild)' != 'true') was evaluated as ((''!='') and '' != 'true').
       Task "Message" skipped, due to false condition; ('$(_REFERENCE_DEBUG)'=='true') was evaluated as (''=='true').
     1>Done building target "ComputeReferenceCLInput" in project "GCVD.vcxproj".
     1>Target "WarnCompileDuplicatedFilename" in file "C:\Program Files (x86)\MSBuild\Microsoft.Cpp\v4.0\V140\Microsoft.CppBuild.targets" from project "C:\workSpace\dev\PTAM64bits\temp\PTAM-64bits\build\GCVD\GCVD.vcxproj" (target "_ClCompile" depends on it):
       Task "VCMessage" skipped, due to false condition; ('%(ClCompile.ExcludedFromBuild)' != 'true' and '%(Filename)%(Extension)' != '@(ClCompile->'%(Filename)%(Extension)')' and '%(ObjectFileName)' == '@(ClCompile->Metadata(ObjectFileName)->Distinct())') was evaluated as ('' != 'true' and 'gltext.cpp' != 'gltext.cpp' and 'GCVD.dir\Release\' == 'GCVD.dir\Release\').
       Task "VCMessage" skipped, due to false condition; ('%(ClCompile.ExcludedFromBuild)' != 'true' and '%(Filename)%(Extension)' != '@(ClCompile->'%(Filename)%(Extension)')' and '%(ObjectFileName)' == '@(ClCompile->Metadata(ObjectFileName)->Distinct())') was evaluated as ('' != 'true' and 'GLWindow.cpp' != 'GLWindow.cpp' and 'GCVD.dir\Release\' == 'GCVD.dir\Release\').
       Task "VCMessage" skipped, due to false condition; ('%(ClCompile.ExcludedFromBuild)' != 'true' and '%(Filename)%(Extension)' != '@(ClCompile->'%(Filename)%(Extension)')' and '%(ObjectFileName)' == '@(ClCompile->Metadata(ObjectFileName)->Distinct())') was evaluated as ('' != 'true' and 'timer.cpp' != 'timer.cpp' and 'GCVD.dir\Release\' == 'GCVD.dir\Release\').
     1>Done building target "WarnCompileDuplicatedFilename" in project "GCVD.vcxproj".
     1>Target "FixupCLCompileOptions" in file "C:\Program Files (x86)\MSBuild\Microsoft.Cpp\v4.0\V140\Microsoft.CppCommon.targets" from project "C:\workSpace\dev\PTAM64bits\temp\PTAM-64bits\build\GCVD\GCVD.vcxproj" (target "_ClCompile" depends on it):
     1>Done building target "FixupCLCompileOptions" in project "GCVD.vcxproj".
     1>Target "MakeDirsForCl" in file "C:\Program Files (x86)\MSBuild\Microsoft.Cpp\v4.0\V140\Microsoft.CppBuild.targets" from project "C:\workSpace\dev\PTAM64bits\temp\PTAM-64bits\build\GCVD\GCVD.vcxproj" (target "_ClCompile" depends on it):
       Task "MakeDir"
       Done executing task "MakeDir".
     1>Done building target "MakeDirsForCl" in project "GCVD.vcxproj".
       Target "_SelectedFiles" skipped. Previously built successfully.
       Target "ComputeMIDLGeneratedCompileInputs" skipped. Previously built successfully.
       Target "ComputeCLInputPDBName" skipped. Previously built successfully.
       Target "ComputeReferenceCLInput" skipped. Previously built successfully.
       Target "WarnCompileDuplicatedFilename" skipped. Previously built successfully.
       Target "FixupCLCompileOptions" skipped. Previously built successfully.
       Target "SelectCustomBuild" skipped. Previously built successfully.
     1>Target "SelectClCompile" in file "C:\Program Files (x86)\MSBuild\Microsoft.Cpp\v4.0\V140\Microsoft.CppBuild.targets" from project "C:\workSpace\dev\PTAM64bits\temp\PTAM-64bits\build\GCVD\GCVD.vcxproj" (target "ClCompile" depends on it):
     1>Done building target "SelectClCompile" in project "GCVD.vcxproj".
       Target "GenerateTargetFrameworkMonikerAttribute" skipped, due to false condition; ('$(GenerateTargetFrameworkAttribute)' == 'true') was evaluated as ('false' == 'true').
       Target "ManagedIncrementalBuildPreProcessDependencyGraph" skipped, due to false condition; ('@(ClCompile)' != '' and '$(EnableManagedIncrementalBuild)' == 'True') was evaluated as ('C:\workSpace\dev\PTAM64bits\temp\PTAM-64bits\GCVD\gltext.cpp;C:\workSpace\dev\PTAM64bits\temp\PTAM-64bits\GCVD\GLWindow.cpp;C:\workSpace\dev\PTAM64bits\temp\PTAM-64bits\GCVD\timer.cpp' != '' and 'false' == 'True').
     1>Target "ClCompile" in file "C:\Program Files (x86)\MSBuild\Microsoft.Cpp\v4.0\V140\Microsoft.CppCommon.targets" from project "C:\workSpace\dev\PTAM64bits\temp\PTAM-64bits\build\GCVD\GCVD.vcxproj" (target "_ClCompile" depends on it):
       Task "Delete" skipped, due to false condition; ('%(ClCompile.DebugInformationFormat)' != '' and '%(ClCompile.DebugInformationFormat)' != 'None' and '%(ClCompile.DebugInformationFormat)' != 'OldStyle' and '%(ClCompile.ProgramDataBaseFileName)' != '' and !Exists(%(ClCompile.ProgramDataBaseFileName))) was evaluated as ('' != '' and '' != 'None' and '' != 'OldStyle' and 'GCVD.dir\Release\GCVD.pdb' != '' and !Exists(GCVD.dir\Release\GCVD.pdb)).
       Task "CL" skipped, due to false condition; ('%(ClCompile.PrecompiledHeader)' == 'Create' and '%(ClCompile.ExcludedFromBuild)'!='true' and '%(ClCompile.CompilerIteration)' == '') was evaluated as ('NotUsing' == 'Create' and ''!='true' and '' == '').
       Using "CL" task from assembly "C:\Program Files (x86)\MSBuild\Microsoft.Cpp\v4.0\V140\Microsoft.Build.CppTasks.Common.dll".
       Task "CL"
         Forcing rebuild of all source files due to missing command TLog "C:\workSpace\dev\PTAM64bits\temp\PTAM-64bits\build\GCVD\GCVD.dir\Release\GCVD.tlog\CL.command.1.tlog".
         Environment Variables passed to tool:
           VS_UNICODE_OUTPUT=1132
         C:\Program Files (x86)\Microsoft Visual Studio 14.0\VC\bin\x86_amd64\CL.exe /c /IC:\Mylib\opencv3.1.0_cuda\2501build\install\include /IC:\Mylib\opencv3.1.0_cuda\2501build\install\include\opencv /IC:\workSpace\environment64\pthreads\include /I"C:\workSpace\environment64\glew-2.0.0\include" /IC:\workSpace\environment64\lapack\include /IC:\Mylib\boost_1_60_0 /nologo /W3 /WX- /O2 /Ob2 /D WIN32 /D _WINDOWS /D NDEBUG /D "CMAKE_INTDIR=\"Release\"" /D _MBCS /Gm- /EHsc /MD /GS /fp:precise /Zc:wchar_t /Zc:forScope /Zc:inline /GR /Fo"GCVD.dir\Release\\" /Fd"GCVD.dir\Release\GCVD.pdb" /Gd /TP /errorReport:prompt "C:\workSpace\dev\PTAM64bits\temp\PTAM-64bits\GCVD\gltext.cpp" "C:\workSpace\dev\PTAM64bits\temp\PTAM-64bits\GCVD\GLWindow.cpp" "C:\workSpace\dev\PTAM64bits\temp\PTAM-64bits\GCVD\timer.cpp"
         Tracking command:
         C:\Program Files (x86)\MSBuild\14.0\bin\Tracker.exe /d "C:\Program Files (x86)\MSBuild\14.0\bin\FileTracker32.dll" /i C:\workSpace\dev\PTAM64bits\temp\PTAM-64bits\build\GCVD\GCVD.dir\Release\GCVD.tlog /r "C:\WORKSPACE\DEV\PTAM64BITS\TEMP\PTAM-64BITS\GCVD\GLTEXT.CPP|C:\WORKSPACE\DEV\PTAM64BITS\TEMP\PTAM-64BITS\GCVD\GLWINDOW.CPP|C:\WORKSPACE\DEV\PTAM64BITS\TEMP\PTAM-64BITS\GCVD\TIMER.CPP" /b MSBuildConsole_CancelEventcf3026fc871645d7b684cc1b0d140de5  /c "C:\Program Files (x86)\Microsoft Visual Studio 14.0\VC\bin\x86_amd64\CL.exe"  /c /IC:\Mylib\opencv3.1.0_cuda\2501build\install\include /IC:\Mylib\opencv3.1.0_cuda\2501build\install\include\opencv /IC:\workSpace\environment64\pthreads\include /I"C:\workSpace\environment64\glew-2.0.0\include" /IC:\workSpace\environment64\lapack\include /IC:\Mylib\boost_1_60_0 /nologo /W3 /WX- /O2 /Ob2 /D WIN32 /D _WINDOWS /D NDEBUG /D "CMAKE_INTDIR=\"Release\"" /D _MBCS /Gm- /EHsc /MD /GS /fp:precise /Zc:wchar_t /Zc:forScope /Zc:inline /GR /Fo"GCVD.dir\Release\\" /Fd"GCVD.dir\Release\GCVD.pdb" /Gd /TP /errorReport:prompt "C:\workSpace\dev\PTAM64bits\temp\PTAM-64bits\GCVD\gltext.cpp" "C:\workSpace\dev\PTAM64bits\temp\PTAM-64bits\GCVD\GLWindow.cpp" "C:\workSpace\dev\PTAM64bits\temp\PTAM-64bits\GCVD\timer.cpp"
         gltext.cpp
     1>C:\Mylib\opencv3.1.0_cuda\2501build\install\include\opencv2/core/mat.hpp(1965): warning C4819: The file contains a character that cannot be represented in the current code page (932). Save the file in Unicode format to prevent data loss
     1>C:\Mylib\opencv3.1.0_cuda\2501build\install\include\opencv2/core/persistence.hpp : warning C4819: The file contains a character that cannot be represented in the current code page (932). Save the file in Unicode format to prevent data loss
     1>C:\Mylib\opencv3.1.0_cuda\2501build\install\include\opencv2/core/utility.hpp : warning C4819: The file contains a character that cannot be represented in the current code page (932). Save the file in Unicode format to prevent data loss
     1>C:\Mylib\opencv3.1.0_cuda\2501build\install\include\opencv2/core/utility.hpp : warning C4819: The file contains a character that cannot be represented in the current code page (932). Save the file in Unicode format to prevent data loss
     1>c:\workspace\dev\ptam64bits\temp\ptam-64bits\gcvd\GLHelpers.h(466): warning C4267: 'argument': conversion from 'size_t' to 'GLint', possible loss of data
     1>c:\workspace\dev\ptam64bits\temp\ptam-64bits\gcvd\GLHelpers.h(486): warning C4267: 'argument': conversion from 'size_t' to 'GLint', possible loss of data
     1>c:\workspace\dev\ptam64bits\temp\ptam-64bits\gcvd\GLHelpers.h(539): warning C4267: 'argument': conversion from 'size_t' to 'GLint', possible loss of data
     1>c:\workspace\dev\ptam64bits\temp\ptam-64bits\gcvd\GLHelpers.h(551): warning C4267: 'argument': conversion from 'size_t' to 'GLint', possible loss of data
     1>c:\workspace\dev\ptam64bits\temp\ptam-64bits\gcvd\GLHelpers.h(567): warning C4267: 'argument': conversion from 'size_t' to 'GLint', possible loss of data
     1>C:\workSpace\dev\PTAM64bits\temp\PTAM-64bits\GCVD\gltext.cpp(73): warning C4244: 'initializing': conversion from 'double' to 'float', possible loss of data
     1>C:\workSpace\dev\PTAM64bits\temp\PTAM-64bits\GCVD\gltext.cpp(73): warning C4244: 'initializing': conversion from 'double' to 'const float', possible loss of data
         GLWindow.cpp
     1>C:\Mylib\opencv3.1.0_cuda\2501build\install\include\opencv2/core/mat.hpp(1965): warning C4819: The file contains a character that cannot be represented in the current code page (932). Save the file in Unicode format to prevent data loss
     1>C:\Mylib\opencv3.1.0_cuda\2501build\install\include\opencv2/core/persistence.hpp : warning C4819: The file contains a character that cannot be represented in the current code page (932). Save the file in Unicode format to prevent data loss
     1>C:\Mylib\opencv3.1.0_cuda\2501build\install\include\opencv2/core/utility.hpp : warning C4819: The file contains a character that cannot be represented in the current code page (932). Save the file in Unicode format to prevent data loss
     1>C:\Mylib\opencv3.1.0_cuda\2501build\install\include\opencv2/core/utility.hpp : warning C4819: The file contains a character that cannot be represented in the current code page (932). Save the file in Unicode format to prevent data loss
     1>C:\workSpace\dev\PTAM64bits\temp\PTAM-64bits\GCVD\GLWindow.cpp(136): warning C4838: conversion from 'int' to 'BYTE' requires a narrowing conversion
     1>C:\workSpace\dev\PTAM64bits\temp\PTAM-64bits\GCVD\GLWindow.cpp(189): warning C4297: 'GLXInterface::GLWindow::~GLWindow': function assumed not to throw an exception but does
         C:\workSpace\dev\PTAM64bits\temp\PTAM-64bits\GCVD\GLWindow.cpp(189): note: destructor or deallocator has a (possibly implicit) non-throwing exception specification
     1>C:\workSpace\dev\PTAM64bits\temp\PTAM-64bits\GCVD\GLWindow.cpp(191): warning C4297: 'GLXInterface::GLWindow::~GLWindow': function assumed not to throw an exception but does
         C:\workSpace\dev\PTAM64bits\temp\PTAM-64bits\GCVD\GLWindow.cpp(191): note: destructor or deallocator has a (possibly implicit) non-throwing exception specification
     1>C:\workSpace\dev\PTAM64bits\temp\PTAM-64bits\GCVD\GLWindow.cpp(195): warning C4297: 'GLXInterface::GLWindow::~GLWindow': function assumed not to throw an exception but does
         C:\workSpace\dev\PTAM64bits\temp\PTAM-64bits\GCVD\GLWindow.cpp(195): note: destructor or deallocator has a (possibly implicit) non-throwing exception specification
     1>C:\workSpace\dev\PTAM64bits\temp\PTAM-64bits\GCVD\GLWindow.cpp(198): warning C4297: 'GLXInterface::GLWindow::~GLWindow': function assumed not to throw an exception but does
         C:\workSpace\dev\PTAM64bits\temp\PTAM-64bits\GCVD\GLWindow.cpp(198): note: destructor or deallocator has a (possibly implicit) non-throwing exception specification
         timer.cpp
         Generating Code...
       Done executing task "CL".
     1>Done building target "ClCompile" in project "GCVD.vcxproj".
       Target "ManagedIncrementalBuildPostProcessDependencyGraph" skipped, due to false condition; ('@(ClCompile)' != '' and '$(EnableManagedIncrementalBuild)' == 'True') was evaluated as ('C:\workSpace\dev\PTAM64bits\temp\PTAM-64bits\GCVD\gltext.cpp;C:\workSpace\dev\PTAM64bits\temp\PTAM-64bits\GCVD\GLWindow.cpp;C:\workSpace\dev\PTAM64bits\temp\PTAM-64bits\GCVD\timer.cpp' != '' and 'false' == 'True').
     1>Target "AfterClCompile" in file "C:\Program Files (x86)\MSBuild\Microsoft.Cpp\v4.0\V140\Microsoft.CppBuild.targets" from project "C:\workSpace\dev\PTAM64bits\temp\PTAM-64bits\build\GCVD\GCVD.vcxproj" (target "_ClCompile" depends on it):
     1>Done building target "AfterClCompile" in project "GCVD.vcxproj".
     1>Target "_ClCompile" in file "C:\Program Files (x86)\MSBuild\Microsoft.Cpp\v4.0\V140\Microsoft.CppBuild.targets" from project "C:\workSpace\dev\PTAM64bits\temp\PTAM-64bits\build\GCVD\GCVD.vcxproj" (target "_BuildCompileAction" depends on it):
     1>Done building target "_ClCompile" in project "GCVD.vcxproj".
       Target "_ResGen" skipped, due to false condition; ('@(EmbeddedResource)'!='') was evaluated as (''!='').
     1>Target "BeforeResourceCompile" in file "C:\Program Files (x86)\MSBuild\Microsoft.Cpp\v4.0\V140\Microsoft.CppBuild.targets" from project "C:\workSpace\dev\PTAM64bits\temp\PTAM-64bits\build\GCVD\GCVD.vcxproj" (target "_ResourceCompile" depends on it):
     1>Done building target "BeforeResourceCompile" in project "GCVD.vcxproj".
     1>Target "MakeDirsForResourceCompile" in file "C:\Program Files (x86)\MSBuild\Microsoft.Cpp\v4.0\V140\Microsoft.CppBuild.targets" from project "C:\workSpace\dev\PTAM64bits\temp\PTAM-64bits\build\GCVD\GCVD.vcxproj" (target "_ResourceCompile" depends on it):
       Task "MakeDir"
       Done executing task "MakeDir".
     1>Done building target "MakeDirsForResourceCompile" in project "GCVD.vcxproj".
       Target "ResourceCompile" skipped, due to false condition; ('@(ResourceCompile)' != '') was evaluated as ('' != '').
     1>Target "AfterResourceCompile" in file "C:\Program Files (x86)\MSBuild\Microsoft.Cpp\v4.0\V140\Microsoft.CppBuild.targets" from project "C:\workSpace\dev\PTAM64bits\temp\PTAM-64bits\build\GCVD\GCVD.vcxproj" (target "_ResourceCompile" depends on it):
     1>Done building target "AfterResourceCompile" in project "GCVD.vcxproj".
     1>Target "_ResourceCompile" in file "C:\Program Files (x86)\MSBuild\Microsoft.Cpp\v4.0\V140\Microsoft.CppBuild.targets" from project "C:\workSpace\dev\PTAM64bits\temp\PTAM-64bits\build\GCVD\GCVD.vcxproj" (target "_BuildCompileAction" depends on it):
     1>Done building target "_ResourceCompile" in project "GCVD.vcxproj".
       Target "_ImpLib" skipped, due to false condition; ('$(ImpLibCompiled)' == 'true') was evaluated as ('' == 'true').
     1>Target "BeforeLib" in file "C:\Program Files (x86)\MSBuild\Microsoft.Cpp\v4.0\V140\Microsoft.CppBuild.targets" from project "C:\workSpace\dev\PTAM64bits\temp\PTAM-64bits\build\GCVD\GCVD.vcxproj" (target "_Lib" depends on it):
     1>Done building target "BeforeLib" in project "GCVD.vcxproj".
     1>Target "ComputeLibAdditionalOptions" in file "C:\Program Files (x86)\MSBuild\Microsoft.Cpp\v4.0\V140\Microsoft.CppBuild.targets" from project "C:\workSpace\dev\PTAM64bits\temp\PTAM-64bits\build\GCVD\GCVD.vcxproj" (target "_Lib" depends on it):
     1>Done building target "ComputeLibAdditionalOptions" in project "GCVD.vcxproj".
     1>Target "ComputeRCOutputs" in file "C:\Program Files (x86)\MSBuild\Microsoft.Cpp\v4.0\V140\Microsoft.CppBuild.targets" from project "C:\workSpace\dev\PTAM64bits\temp\PTAM-64bits\build\GCVD\GCVD.vcxproj" (target "ComputeRCGeneratedLibInputs" depends on it):
     1>Done building target "ComputeRCOutputs" in project "GCVD.vcxproj".
     1>Target "ComputeRCGeneratedLibInputs" in file "C:\Program Files (x86)\MSBuild\Microsoft.Cpp\v4.0\V140\Microsoft.CppBuild.targets" from project "C:\workSpace\dev\PTAM64bits\temp\PTAM-64bits\build\GCVD\GCVD.vcxproj" (target "_Lib" depends on it):
     1>Done building target "ComputeRCGeneratedLibInputs" in project "GCVD.vcxproj".
       Target "ComputeCustomBuildOutput" skipped. Previously built successfully.
       Target "ComputeMIDLGeneratedCompileInputs" skipped. Previously built successfully.
       Target "ComputeCLInputPDBName" skipped. Previously built successfully.
       Target "ComputeReferenceCLInput" skipped. Previously built successfully.
       Target "WarnCompileDuplicatedFilename" skipped. Previously built successfully.
       Target "FixupCLCompileOptions" skipped. Previously built successfully.
     1>Target "ComputeCLOutputs" in file "C:\Program Files (x86)\MSBuild\Microsoft.Cpp\v4.0\V140\Microsoft.CppBuild.targets" from project "C:\workSpace\dev\PTAM64bits\temp\PTAM-64bits\build\GCVD\GCVD.vcxproj" (target "ComputeCLGeneratedLibInputs" depends on it):
     1>Done building target "ComputeCLOutputs" in project "GCVD.vcxproj".
     1>Target "ComputeCLGeneratedLibInputs" in file "C:\Program Files (x86)\MSBuild\Microsoft.Cpp\v4.0\V140\Microsoft.CppBuild.targets" from project "C:\workSpace\dev\PTAM64bits\temp\PTAM-64bits\build\GCVD\GCVD.vcxproj" (target "_Lib" depends on it):
     1>Done building target "ComputeCLGeneratedLibInputs" in project "GCVD.vcxproj".
     1>Target "ComputeLibInputsFromProject" in file "C:\Program Files (x86)\MSBuild\Microsoft.Cpp\v4.0\V140\Microsoft.CppBuild.targets" from project "C:\workSpace\dev\PTAM64bits\temp\PTAM-64bits\build\GCVD\GCVD.vcxproj" (target "_Lib" depends on it):
     1>Done building target "ComputeLibInputsFromProject" in project "GCVD.vcxproj".
       Target "PrepareForBuild" skipped. Previously built successfully.
       Target "ResolveReferences" skipped. Previously built successfully.
     1>Target "ResolvedLinkLib" in file "C:\Program Files (x86)\MSBuild\Microsoft.Cpp\v4.0\V140\Microsoft.CppBuild.targets" from project "C:\workSpace\dev\PTAM64bits\temp\PTAM-64bits\build\GCVD\GCVD.vcxproj" (target "ComputeReferenceLibInputs" depends on it):
       Task "MSBuild"
         Global Properties:
           Configuration=Release
           Platform=x64
     1>Project "C:\workSpace\dev\PTAM64bits\temp\PTAM-64bits\build\GCVD\GCVD.vcxproj" (1) is building "C:\workSpace\dev\PTAM64bits\temp\PTAM-64bits\build\ZERO_CHECK.vcxproj" (2:3) on node 2 (GetResolvedLinkLibs target(s)).
   2:3>Building with tools version "14.0".
       Target "_CheckForInvalidConfigurationAndPlatform" skipped. Previously built successfully.
   2:3>Target "GetResolvedLinkLibs" in file "C:\Program Files (x86)\MSBuild\Microsoft.Cpp\v4.0\V140\Microsoft.CppBuild.targets" from project "C:\workSpace\dev\PTAM64bits\temp\PTAM-64bits\build\ZERO_CHECK.vcxproj" (entry point):
       Task "Message" skipped, due to false condition; ('$(_REFERENCE_DEBUG)'=='true') was evaluated as (''=='true').
   2:3>Done building target "GetResolvedLinkLibs" in project "ZERO_CHECK.vcxproj".
   2:3>Done Building Project "C:\workSpace\dev\PTAM64bits\temp\PTAM-64bits\build\ZERO_CHECK.vcxproj" (GetResolvedLinkLibs target(s)).
     1>Done executing task "MSBuild".
     1>Done building target "ResolvedLinkLib" in project "GCVD.vcxproj".
     1>Target "ComputeReferenceLibInputs" in file "C:\Program Files (x86)\MSBuild\Microsoft.Cpp\v4.0\V140\Microsoft.CppBuild.targets" from project "C:\workSpace\dev\PTAM64bits\temp\PTAM-64bits\build\GCVD\GCVD.vcxproj" (target "_Lib" depends on it):
       Task "Message" skipped, due to false condition; ('$(_REFERENCE_DEBUG)'=='true') was evaluated as (''=='true').
     1>Done building target "ComputeReferenceLibInputs" in project "GCVD.vcxproj".
     1>Target "MakeDirsForLib" in file "C:\Program Files (x86)\MSBuild\Microsoft.Cpp\v4.0\V140\Microsoft.CppBuild.targets" from project "C:\workSpace\dev\PTAM64bits\temp\PTAM-64bits\build\GCVD\GCVD.vcxproj" (target "_Lib" depends on it):
       Task "MakeDir"
       Done executing task "MakeDir".
     1>Done building target "MakeDirsForLib" in project "GCVD.vcxproj".
     1>Target "DoLibOutputFilesMatch" in file "C:\Program Files (x86)\MSBuild\Microsoft.Cpp\v4.0\V140\Microsoft.CppBuild.targets" from project "C:\workSpace\dev\PTAM64bits\temp\PTAM-64bits\build\GCVD\GCVD.vcxproj" (target "_Lib" depends on it):
       Task "VCMessage" skipped, due to false condition; ('@(_OutputFileFromLib)' == '') was evaluated as ('C:\workSpace\dev\PTAM64bits\temp\PTAM-64bits\build\GCVD\Release\GCVD.lib' == '').
       Task "VCMessage" skipped, due to false condition; ('@(_OutputFileFromLib)' != '' and '%(_OutputFileFromLib.FullPath)' != '$([System.IO.Path]::GetFullPath($(TargetPath)))') was evaluated as ('C:\workSpace\dev\PTAM64bits\temp\PTAM-64bits\build\GCVD\Release\GCVD.lib' != '' and 'C:\workSpace\dev\PTAM64bits\temp\PTAM-64bits\build\GCVD\Release\GCVD.lib' != 'C:\workSpace\dev\PTAM64bits\temp\PTAM-64bits\build\GCVD\Release\GCVD.lib').
       Task "VCMessage" skipped, due to false condition; ('@(_OutputFileFromLib)' != '' and '%(_OutputFileFromLib.Extension)' != '' and '%(_OutputFileFromLib.Extension)' != '$(TargetExt)') was evaluated as ('C:\workSpace\dev\PTAM64bits\temp\PTAM-64bits\build\GCVD\Release\GCVD.lib' != '' and '.lib' != '' and '.lib' != '.lib').
       Task "VCMessage" skipped, due to false condition; ('@(_OutputFileFromLib)' != '' and '%(_OutputFileFromLib.Filename)' !=  '' and '%(_OutputFileFromLib.Filename)' != '$(TargetName)') was evaluated as ('C:\workSpace\dev\PTAM64bits\temp\PTAM-64bits\build\GCVD\Release\GCVD.lib' != '' and 'GCVD' !=  '' and 'GCVD' != 'GCVD').
     1>Done building target "DoLibOutputFilesMatch" in project "GCVD.vcxproj".
     1>Target "PreLinkEvent" in file "C:\Program Files (x86)\MSBuild\Microsoft.Cpp\v4.0\V140\Microsoft.CppCommon.targets" from project "C:\workSpace\dev\PTAM64bits\temp\PTAM-64bits\build\GCVD\GCVD.vcxproj" (target "_Lib" depends on it):
       Task "Message" skipped, due to false condition; ('%(PreLinkEvent.Message)' != '' and '%(PreLinkEvent.Command)' != '') was evaluated as ('' != '' and '' != '').
       Task "Exec" skipped, due to false condition; ('%(PreLinkEvent.Command)' != '') was evaluated as ('' != '').
     1>Done building target "PreLinkEvent" in project "GCVD.vcxproj".
     1>Target "Lib" in file "C:\Program Files (x86)\MSBuild\Microsoft.Cpp\v4.0\V140\Microsoft.CppCommon.targets" from project "C:\workSpace\dev\PTAM64bits\temp\PTAM-64bits\build\GCVD\GCVD.vcxproj" (target "_Lib" depends on it):
       Using "LIB" task from assembly "C:\Program Files (x86)\MSBuild\Microsoft.Cpp\v4.0\V140\Microsoft.Build.CppTasks.Common.dll".
       Task "LIB"
         Forcing rebuild of all source files due to missing command TLog "C:\workSpace\dev\PTAM64bits\temp\PTAM-64bits\build\GCVD\GCVD.dir\Release\GCVD.tlog\lib.command.1.tlog".
         C:\Program Files (x86)\Microsoft Visual Studio 14.0\VC\bin\x86_amd64\Lib.exe /OUT:"C:\workSpace\dev\PTAM64bits\temp\PTAM-64bits\build\GCVD\Release\GCVD.lib" /NOLOGO /MACHINE:X64  /machine:x64 GCVD.dir\Release\gltext.obj
         GCVD.dir\Release\GLWindow.obj
         GCVD.dir\Release\timer.obj
         Tracking command:
         C:\Program Files (x86)\MSBuild\14.0\bin\Tracker.exe /d "C:\Program Files (x86)\MSBuild\14.0\bin\FileTracker32.dll" /i C:\workSpace\dev\PTAM64bits\temp\PTAM-64bits\build\GCVD\GCVD.dir\Release\GCVD.tlog /r "C:\WORKSPACE\DEV\PTAM64BITS\TEMP\PTAM-64BITS\BUILD\GCVD\GCVD.DIR\RELEASE\GLTEXT.OBJ|C:\WORKSPACE\DEV\PTAM64BITS\TEMP\PTAM-64BITS\BUILD\GCVD\GCVD.DIR\RELEASE\GLWINDOW.OBJ|C:\WORKSPACE\DEV\PTAM64BITS\TEMP\PTAM-64BITS\BUILD\GCVD\GCVD.DIR\RELEASE\TIMER.OBJ" /b MSBuildConsole_CancelEventab781053d4024fd6acf47d214b198db9  /c "C:\Program Files (x86)\Microsoft Visual Studio 14.0\VC\bin\x86_amd64\Lib.exe"  /OUT:"C:\workSpace\dev\PTAM64bits\temp\PTAM-64bits\build\GCVD\Release\GCVD.lib" /NOLOGO /MACHINE:X64  /machine:x64 GCVD.dir\Release\gltext.obj
         GCVD.dir\Release\GLWindow.obj
         GCVD.dir\Release\timer.obj
       Done executing task "LIB".
       Task "Message"
         GCVD.vcxproj -> C:\workSpace\dev\PTAM64bits\temp\PTAM-64bits\build\GCVD\Release\GCVD.lib
       Done executing task "Message".
     1>Done building target "Lib" in project "GCVD.vcxproj".
     1>Target "AfterLib" in file "C:\Program Files (x86)\MSBuild\Microsoft.Cpp\v4.0\V140\Microsoft.CppBuild.targets" from project "C:\workSpace\dev\PTAM64bits\temp\PTAM-64bits\build\GCVD\GCVD.vcxproj" (target "_Lib" depends on it):
     1>Done building target "AfterLib" in project "GCVD.vcxproj".
     1>Target "_Lib" in file "C:\Program Files (x86)\MSBuild\Microsoft.Cpp\v4.0\V140\Microsoft.CppBuild.targets" from project "C:\workSpace\dev\PTAM64bits\temp\PTAM-64bits\build\GCVD\GCVD.vcxproj" (target "_BuildCompileAction" depends on it):
     1>Done building target "_Lib" in project "GCVD.vcxproj".
     1>Target "AfterBuildCompileEvent" in file "C:\Program Files (x86)\MSBuild\Microsoft.Cpp\v4.0\V140\Microsoft.CppBuild.targets" from project "C:\workSpace\dev\PTAM64bits\temp\PTAM-64bits\build\GCVD\GCVD.vcxproj" (target "_BuildCompileAction" depends on it):
     1>Done building target "AfterBuildCompileEvent" in project "GCVD.vcxproj".
     1>Target "_BuildCompileAction" in file "C:\Program Files (x86)\MSBuild\Microsoft.Cpp\v4.0\V140\Microsoft.CppBuild.targets" from project "C:\workSpace\dev\PTAM64bits\temp\PTAM-64bits\build\GCVD\GCVD.vcxproj" (target "BuildCompile" depends on it):
     1>Done building target "_BuildCompileAction" in project "GCVD.vcxproj".
     1>Target "BuildCompile" in file "C:\Program Files (x86)\MSBuild\14.0\bin\Microsoft.Common.CurrentVersion.targets" from project "C:\workSpace\dev\PTAM64bits\temp\PTAM-64bits\build\GCVD\GCVD.vcxproj" (target "Build" depends on it):
     1>Done building target "BuildCompile" in project "GCVD.vcxproj".
       Target "AssignProjectConfiguration" skipped. Previously built successfully.
       Target "_SplitProjectReferencesByFileExistence" skipped. Previously built successfully.
     1>Target "BuildLinkTraverse" in file "C:\Program Files (x86)\MSBuild\14.0\bin\Microsoft.Common.CurrentVersion.targets" from project "C:\workSpace\dev\PTAM64bits\temp\PTAM-64bits\build\GCVD\GCVD.vcxproj" (target "BuildLink" depends on it):
       Task "MSBuild" skipped, due to false condition; ('$(BuildPassReferences)' == 'true' and '@(ProjectReferenceWithConfiguration)' != '' and '@(_MSBuildProjectReferenceExistent)' != ''  and '%(_MSBuildProjectReferenceExistent.BuildReference)' == 'true') was evaluated as ('' == 'true' and 'C:/workSpace/dev/PTAM64bits/temp/PTAM-64bits/build/ZERO_CHECK.vcxproj' != '' and 'C:/workSpace/dev/PTAM64bits/temp/PTAM-64bits/build/ZERO_CHECK.vcxproj' != ''  and 'true' == 'true').
     1>Done building target "BuildLinkTraverse" in project "GCVD.vcxproj".
       Target "PrepareForBuild" skipped. Previously built successfully.
       Target "ResolveReferences" skipped. Previously built successfully.
     1>Target "ComputeLegacyManifestEmbedding" in file "C:\Program Files (x86)\MSBuild\Microsoft.Cpp\v4.0\V140\Microsoft.CppBuild.targets" from project "C:\workSpace\dev\PTAM64bits\temp\PTAM-64bits\build\GCVD\GCVD.vcxproj" (target "_BuildLinkAction" depends on it):
       Task "VCMessage" skipped, due to false condition; ('$(RevertManifestEmbedding)' == 'true' and '$(_LegacyManifestEmbeddingDebug)' == 'true') was evaluated as ('' == 'true' and '' == 'true').
     1>Done building target "ComputeLegacyManifestEmbedding" in project "GCVD.vcxproj".
       Target "_Link" skipped, due to false condition; ('$(LinkCompiled)' == 'true') was evaluated as ('' == 'true').
     1>Target "_ALink" in file "C:\Program Files (x86)\MSBuild\Microsoft.Cpp\v4.0\V140\Microsoft.CppBuild.targets" from project "C:\workSpace\dev\PTAM64bits\temp\PTAM-64bits\build\GCVD\GCVD.vcxproj" (target "_BuildLinkAction" depends on it):
     1>Done building target "_ALink" in project "GCVD.vcxproj".
       Target "ComputeLegacyManifestEmbedding" skipped. Previously built successfully.
     1>Target "_Manifest" in file "C:\Program Files (x86)\MSBuild\Microsoft.Cpp\v4.0\V140\Microsoft.CppBuild.targets" from project "C:\workSpace\dev\PTAM64bits\temp\PTAM-64bits\build\GCVD\GCVD.vcxproj" (target "_BuildLinkAction" depends on it):
       Task "CallTarget" skipped, due to false condition; ('$(LegacyManifestEmbedding)' == 'true') was evaluated as ('' == 'true').
     1>Done building target "_Manifest" in project "GCVD.vcxproj".
     1>Target "RegisterOutput" in file "C:\Program Files (x86)\MSBuild\Microsoft.Cpp\v4.0\V140\Microsoft.CppCommon.targets" from project "C:\workSpace\dev\PTAM64bits\temp\PTAM-64bits\build\GCVD\GCVD.vcxproj" (target "_BuildLinkAction" depends on it):
       Task "Exec" skipped, due to false condition; ('$(ConfigurationType)'=='DynamicLibrary' and '%(Link.RegisterOutput)'=='true' and '%(Link.PerUserRedirection)'!='true') was evaluated as ('StaticLibrary'=='DynamicLibrary' and ''=='true' and ''!='true').
       Task "Exec" skipped, due to false condition; ('$(ConfigurationType)'=='DynamicLibrary' and '%(Link.RegisterOutput)'=='true' and '%(Link.PerUserRedirection)'=='true') was evaluated as ('StaticLibrary'=='DynamicLibrary' and ''=='true' and ''=='true').
       Task "Exec" skipped, due to false condition; ('$(ConfigurationType)'=='Application' and '%(Link.RegisterOutput)'=='true' and '%(Link.PerUserRedirection)'!='true') was evaluated as ('StaticLibrary'=='Application' and ''=='true' and ''!='true').
       Task "Exec" skipped, due to false condition; ('$(ConfigurationType)'=='Application' and '%(Link.RegisterOutput)'=='true' and '%(Link.PerUserRedirection)'=='true') was evaluated as ('StaticLibrary'=='Application' and ''=='true' and ''=='true').
       Task "VCMessage" skipped, due to false condition; ('$(_RegisterOutputExitCode)' != '' and '$(_RegisterOutputExitCode)' != '0') was evaluated as ('' != '' and '' != '0').
     1>Done building target "RegisterOutput" in project "GCVD.vcxproj".
       Target "PrepareForBuild" skipped. Previously built successfully.
       Target "ResolveReferences" skipped. Previously built successfully.
     1>Target "ResolvedXDCMake" in file "C:\Program Files (x86)\MSBuild\Microsoft.Cpp\v4.0\V140\Microsoft.CppBuild.targets" from project "C:\workSpace\dev\PTAM64bits\temp\PTAM-64bits\build\GCVD\GCVD.vcxproj" (target "_XdcMake" depends on it):
       Task "MSBuild" skipped, due to false condition; ('%(_MSBuildProjectReferenceExistent.Extension)' == '.vcxproj' and '@(ProjectReferenceWithConfiguration)' != '' and '@(_MSBuildProjectReferenceExistent)' != '' and '$(_ClCompileGenerateXMLDocumentationFiles)' == 'true') was evaluated as ('.vcxproj' == '.vcxproj' and 'C:/workSpace/dev/PTAM64bits/temp/PTAM-64bits/build/ZERO_CHECK.vcxproj' != '' and 'C:/workSpace/dev/PTAM64bits/temp/PTAM-64bits/build/ZERO_CHECK.vcxproj' != '' and '' == 'true').
     1>Done building target "ResolvedXDCMake" in project "GCVD.vcxproj".
     1>Target "ComputeCLCompileGeneratedXDCFiles" in file "C:\Program Files (x86)\MSBuild\Microsoft.Cpp\v4.0\V140\Microsoft.CppBuild.targets" from project "C:\workSpace\dev\PTAM64bits\temp\PTAM-64bits\build\GCVD\GCVD.vcxproj" (target "_XdcMake" depends on it):
     1>Done building target "ComputeCLCompileGeneratedXDCFiles" in project "GCVD.vcxproj".
     1>Target "MakeDirsForXdcMake" in file "C:\Program Files (x86)\MSBuild\Microsoft.Cpp\v4.0\V140\Microsoft.CppBuild.targets" from project "C:\workSpace\dev\PTAM64bits\temp\PTAM-64bits\build\GCVD\GCVD.vcxproj" (target "_XdcMake" depends on it):
       Task "MakeDir"
       Done executing task "MakeDir".
     1>Done building target "MakeDirsForXdcMake" in project "GCVD.vcxproj".
       Target "XdcMake" skipped, due to false condition; ('@(XdcMake)' != '') was evaluated as ('' != '').
     1>Target "_XdcMake" in file "C:\Program Files (x86)\MSBuild\Microsoft.Cpp\v4.0\V140\Microsoft.CppBuild.targets" from project "C:\workSpace\dev\PTAM64bits\temp\PTAM-64bits\build\GCVD\GCVD.vcxproj" (target "_BuildLinkAction" depends on it):
     1>Done building target "_XdcMake" in project "GCVD.vcxproj".
     1>Target "ComputeCLCompileGeneratedSbrFiles" in file "C:\Program Files (x86)\MSBuild\Microsoft.Cpp\v4.0\V140\Microsoft.CppBuild.targets" from project "C:\workSpace\dev\PTAM64bits\temp\PTAM-64bits\build\GCVD\GCVD.vcxproj" (target "_BscMake" depends on it):
     1>Done building target "ComputeCLCompileGeneratedSbrFiles" in project "GCVD.vcxproj".
     1>Target "MakeDirsForBscMake" in file "C:\Program Files (x86)\MSBuild\Microsoft.Cpp\v4.0\V140\Microsoft.CppBuild.targets" from project "C:\workSpace\dev\PTAM64bits\temp\PTAM-64bits\build\GCVD\GCVD.vcxproj" (target "_BscMake" depends on it):
       Task "MakeDir"
       Done executing task "MakeDir".
     1>Done building target "MakeDirsForBscMake" in project "GCVD.vcxproj".
       Target "BscMake" skipped, due to false condition; ('@(BscMake)' != '') was evaluated as ('' != '').
       Target "CustomBuildStep" skipped, due to false condition; ('@(CustomBuildStep)' != '' and '$(SelectedFiles)'=='') was evaluated as ('' != '' and ''=='').
     1>Target "_BscMake" in file "C:\Program Files (x86)\MSBuild\Microsoft.Cpp\v4.0\V140\Microsoft.CppBuild.targets" from project "C:\workSpace\dev\PTAM64bits\temp\PTAM-64bits\build\GCVD\GCVD.vcxproj" (target "_BuildLinkAction" depends on it):
     1>Done building target "_BscMake" in project "GCVD.vcxproj".
       Target "RunMergeNativeCodeAnalysis" skipped, due to false condition; ('$(Language)'=='C++' and '$(RunCodeAnalysisOnThisProject)'=='true') was evaluated as ('C++'=='C++' and ''=='true').
       Target "RunNativeCodeAnalysis" skipped, due to false condition; ('$(Language)'=='C++' and '$(RunCodeAnalysisOnThisProject)'=='true') was evaluated as ('C++'=='C++' and ''=='true').
     1>Target "_GenerateSatelliteAssemblyInputs" in file "C:\Program Files (x86)\MSBuild\14.0\bin\Microsoft.Common.CurrentVersion.targets" from project "C:\workSpace\dev\PTAM64bits\temp\PTAM-64bits\build\GCVD\GCVD.vcxproj" (target "CreateSatelliteAssemblies" depends on it):
       Task "Warning" skipped, due to false condition; ('@(ManifestResourceWithCulture)'!='' and '%(ManifestResourceWithCulture.EmittedForCompatibilityOnly)'=='') was evaluated as (''!='' and ''=='').
       Task "Warning" skipped, due to false condition; ('@(ManifestNonResxWithCultureOnDisk)'!='' and '%(ManifestNonResxWithCultureOnDisk.EmittedForCompatibilityOnly)'=='') was evaluated as (''!='' and ''=='').
     1>Done building target "_GenerateSatelliteAssemblyInputs" in project "GCVD.vcxproj".
       Target "ComputeIntermediateSatelliteAssemblies" skipped, due to false condition; (@(ReferenceSatellitePaths->'%(DestinationSubDirectory)') != '') was evaluated as ( != '').
       Target "GenerateSatelliteAssemblies" skipped, due to false condition; ('@(_SatelliteAssemblyResourceInputs)' != '') was evaluated as ('' != '').
     1>Target "CreateSatelliteAssemblies" in file "C:\Program Files (x86)\MSBuild\14.0\bin\Microsoft.Common.CurrentVersion.targets" from project "C:\workSpace\dev\PTAM64bits\temp\PTAM-64bits\build\GCVD\GCVD.vcxproj" (target "_BuildLinkAction" depends on it):
     1>Done building target "CreateSatelliteAssemblies" in project "GCVD.vcxproj".
     1>Target "_Appverifier" in file "C:\Program Files (x86)\MSBuild\Microsoft.Cpp\v4.0\V140\Microsoft.CppBuild.targets" from project "C:\workSpace\dev\PTAM64bits\temp\PTAM-64bits\build\GCVD\GCVD.vcxproj" (target "_BuildLinkAction" depends on it):
     1>Done building target "_Appverifier" in project "GCVD.vcxproj".
     1>Target "_Deploy" in file "C:\Program Files (x86)\MSBuild\Microsoft.Cpp\v4.0\V140\Microsoft.CppBuild.targets" from project "C:\workSpace\dev\PTAM64bits\temp\PTAM-64bits\build\GCVD\GCVD.vcxproj" (target "_BuildLinkAction" depends on it):
     1>Done building target "_Deploy" in project "GCVD.vcxproj".
       Target "ComputeIntermediateSatelliteAssemblies" skipped, due to false condition; (@(ReferenceSatellitePaths->'%(DestinationSubDirectory)') != '') was evaluated as ( != '').
       Target "_CopyFilesMarkedCopyLocal" skipped, due to false condition; ('@(ReferenceCopyLocalPaths)' != '') was evaluated as ('' != '').
     1>Target "AssignTargetPaths" in file "C:\Program Files (x86)\MSBuild\14.0\bin\Microsoft.Common.CurrentVersion.targets" from project "C:\workSpace\dev\PTAM64bits\temp\PTAM-64bits\build\GCVD\GCVD.vcxproj" (target "GetCopyToOutputDirectoryItems" depends on it):
       Using "AssignTargetPath" task from assembly "Microsoft.Build.Tasks.Core, Version=14.0.0.0, Culture=neutral, PublicKeyToken=b03f5f7f11d50a3a".
       Task "AssignTargetPath"
       Done executing task "AssignTargetPath".
       Task "AssignTargetPath"
       Done executing task "AssignTargetPath".
       Task "AssignTargetPath"
       Done executing task "AssignTargetPath".
       Task "AssignTargetPath"
       Done executing task "AssignTargetPath".
       Task "AssignTargetPath" skipped, due to false condition; ('@(_DeploymentBaseManifestWithTargetPath)'=='' and '%(None.Extension)'=='.manifest') was evaluated as (''=='' and ''=='.manifest').
     1>Done building target "AssignTargetPaths" in project "GCVD.vcxproj".
       Target "_SplitProjectReferencesByFileExistence" skipped. Previously built successfully.
     1>Target "GetCopyToOutputDirectoryXamlAppDefs" in file "C:\WINDOWS\Microsoft.NET\Framework\v4.0.30319\Microsoft.Xaml.targets" from project "C:\workSpace\dev\PTAM64bits\temp\PTAM-64bits\build\GCVD\GCVD.vcxproj" (target "GetCopyToOutputDirectoryItems" depends on it):
       Task "AssignTargetPath"
       Done executing task "AssignTargetPath".
     1>Done building target "GetCopyToOutputDirectoryXamlAppDefs" in project "GCVD.vcxproj".
     1>Target "GetCopyToOutputDirectoryItems" in file "C:\Program Files (x86)\MSBuild\14.0\bin\Microsoft.Common.CurrentVersion.targets" from project "C:\workSpace\dev\PTAM64bits\temp\PTAM-64bits\build\GCVD\GCVD.vcxproj" (target "_CopySourceItemsToOutputDirectory" depends on it):
       Task "MSBuild"
         Global Properties:
           Configuration=Release
           Platform=x64
     1>Project "C:\workSpace\dev\PTAM64bits\temp\PTAM-64bits\build\GCVD\GCVD.vcxproj" (1) is building "C:\workSpace\dev\PTAM64bits\temp\PTAM-64bits\build\ZERO_CHECK.vcxproj" (2:4) on node 2 (GetCopyToOutputDirectoryItems target(s)).
   2:4>Building with tools version "14.0".
       Target "_CheckForInvalidConfigurationAndPlatform" skipped. Previously built successfully.
   2:4>Target "AssignTargetPaths" in file "C:\Program Files (x86)\MSBuild\14.0\bin\Microsoft.Common.CurrentVersion.targets" from project "C:\workSpace\dev\PTAM64bits\temp\PTAM-64bits\build\ZERO_CHECK.vcxproj" (target "GetCopyToOutputDirectoryItems" depends on it):
       Using "AssignTargetPath" task from assembly "Microsoft.Build.Tasks.Core, Version=14.0.0.0, Culture=neutral, PublicKeyToken=b03f5f7f11d50a3a".
       Task "AssignTargetPath"
       Done executing task "AssignTargetPath".
       Task "AssignTargetPath"
       Done executing task "AssignTargetPath".
       Task "AssignTargetPath"
       Done executing task "AssignTargetPath".
       Task "AssignTargetPath"
       Done executing task "AssignTargetPath".
       Task "AssignTargetPath" skipped, due to false condition; ('@(_DeploymentBaseManifestWithTargetPath)'=='' and '%(None.Extension)'=='.manifest') was evaluated as (''=='' and ''=='.manifest').
   2:4>Done building target "AssignTargetPaths" in project "ZERO_CHECK.vcxproj".
       Target "_SplitProjectReferencesByFileExistence" skipped. Previously built successfully.
   2:4>Target "GetCopyToOutputDirectoryXamlAppDefs" in file "C:\WINDOWS\Microsoft.NET\Framework\v4.0.30319\Microsoft.Xaml.targets" from project "C:\workSpace\dev\PTAM64bits\temp\PTAM-64bits\build\ZERO_CHECK.vcxproj" (target "GetCopyToOutputDirectoryItems" depends on it):
       Task "AssignTargetPath"
       Done executing task "AssignTargetPath".
   2:4>Done building target "GetCopyToOutputDirectoryXamlAppDefs" in project "ZERO_CHECK.vcxproj".
   2:4>Target "GetCopyToOutputDirectoryItems" in file "C:\Program Files (x86)\MSBuild\14.0\bin\Microsoft.Common.CurrentVersion.targets" from project "C:\workSpace\dev\PTAM64bits\temp\PTAM-64bits\build\ZERO_CHECK.vcxproj" (entry point):
       Task "MSBuild" skipped, due to false condition; ('@(_MSBuildProjectReferenceExistent)' != '' and '$(_GetChildProjectCopyToOutputDirectoryItems)' == 'true' and '%(_MSBuildProjectReferenceExistent.Private)' != 'false' and '$(UseCommonOutputDirectory)' != 'true') was evaluated as ('' != '' and 'true' == 'true' and '' != 'false' and 'false' != 'true').
       Task "AssignTargetPath"
       Done executing task "AssignTargetPath".
   2:4>Done building target "GetCopyToOutputDirectoryItems" in project "ZERO_CHECK.vcxproj".
   2:4>Done Building Project "C:\workSpace\dev\PTAM64bits\temp\PTAM-64bits\build\ZERO_CHECK.vcxproj" (GetCopyToOutputDirectoryItems target(s)).
     1>Done executing task "MSBuild".
       Task "AssignTargetPath"
       Done executing task "AssignTargetPath".
     1>Done building target "GetCopyToOutputDirectoryItems" in project "GCVD.vcxproj".
       Target "_CopyOutOfDateSourceItemsToOutputDirectory" skipped, due to false condition; ( '@(_SourceItemsToCopyToOutputDirectory)' != '' ) was evaluated as ( '' != '' ).
       Target "_CopyOutOfDateSourceItemsToOutputDirectoryAlways" skipped, due to false condition; ( '@(_SourceItemsToCopyToOutputDirectoryAlways)' != '' ) was evaluated as ( '' != '' ).
     1>Target "_CopySourceItemsToOutputDirectory" in file "C:\Program Files (x86)\MSBuild\14.0\bin\Microsoft.Common.CurrentVersion.targets" from project "C:\workSpace\dev\PTAM64bits\temp\PTAM-64bits\build\GCVD\GCVD.vcxproj" (target "CopyFilesToOutputDirectory" depends on it):
     1>Done building target "_CopySourceItemsToOutputDirectory" in project "GCVD.vcxproj".
       Target "_CopyAppConfigFile" skipped, due to false condition; ( '@(AppConfigWithTargetPath)' != '' ) was evaluated as ( '' != '' ).
       Target "_CopyManifestFiles" skipped, due to false condition; ( '$(_DeploymentCopyApplicationManifest)'=='true' or '$(GenerateClickOnceManifests)'=='true' ) was evaluated as ( ''=='true' or ''=='true' ).
     1>Target "_CheckForCompileOutputs" in file "C:\Program Files (x86)\MSBuild\14.0\bin\Microsoft.Common.CurrentVersion.targets" from project "C:\workSpace\dev\PTAM64bits\temp\PTAM-64bits\build\GCVD\GCVD.vcxproj" (target "CopyFilesToOutputDirectory" depends on it):
     1>Done building target "_CheckForCompileOutputs" in project "GCVD.vcxproj".
       Target "_SGenCheckForOutputs" skipped, due to false condition; ('$(_SGenGenerateSerializationAssembliesConfig)' == 'On' or ('@(WebReferenceUrl)'!='' and '$(_SGenGenerateSerializationAssembliesConfig)' == 'Auto')) was evaluated as ('Auto' == 'On' or (''!='' and 'Auto' == 'Auto')).
     1>Target "CopyFilesToOutputDirectory" in file "C:\Program Files (x86)\MSBuild\14.0\bin\Microsoft.Common.CurrentVersion.targets" from project "C:\workSpace\dev\PTAM64bits\temp\PTAM-64bits\build\GCVD\GCVD.vcxproj" (target "PrepareForRun" depends on it):
       Task "Copy" skipped, due to false condition; ('$(CopyBuildOutputToOutputDirectory)' == 'true' and '$(SkipCopyBuildProduct)' != 'true') was evaluated as ('true' == 'true' and 'true' != 'true').
       Task "Message" skipped, due to false condition; ('$(CopyBuildOutputToOutputDirectory)' == 'true' and '$(SkipCopyBuildProduct)'!='true') was evaluated as ('true' == 'true' and 'true'!='true').
       Task "Copy" skipped, due to false condition; ('@(AddModules)' != '') was evaluated as ('' != '').
       Task "Copy" skipped, due to false condition; ('$(_SGenDllCreated)'=='true') was evaluated as ('false'=='true').
       Task "Copy" skipped, due to false condition; ('$(_DebugSymbolsProduced)'=='true' and '$(SkipCopyingSymbolsToOutputDirectory)' != 'true' and '$(CopyOutputSymbolsToOutputDirectory)'=='true') was evaluated as ('false'=='true' and '' != 'true' and 'true'=='true').
       Task "Copy" skipped, due to false condition; ('$(_DocumentationFileProduced)'=='true') was evaluated as ('false'=='true').
       Task "Copy" skipped, due to false condition; ('@(IntermediateSatelliteAssembliesWithTargetPath)' != '') was evaluated as ('' != '').
       Task "Copy" skipped, due to false condition; ('@(ReferenceComWrappersToCopyLocal)' != '' or '@(ResolvedIsolatedComModules)' != '' or '@(_DeploymentLooseManifestFile)' != '' or '@(NativeReferenceFile)' != '' ) was evaluated as ('' != '' or '' != '' or '' != '' or '' != '' ).
       Task "Copy" skipped, due to false condition; ('$(SkipCopyWinMDArtifact)' != 'true' and '@(WinMDExpArtifacts)' != '') was evaluated as ('' != 'true' and '' != '').
       Task "Message" skipped, due to false condition; ('$(SkipCopyWinMDArtifact)' != 'true' and '$(_WindowsMetadataOutputPath)' != '') was evaluated as ('' != 'true' and '' != '').
     1>Done building target "CopyFilesToOutputDirectory" in project "GCVD.vcxproj".
     1>Target "PrepareForRun" in file "C:\Program Files (x86)\MSBuild\14.0\bin\Microsoft.Common.CurrentVersion.targets" from project "C:\workSpace\dev\PTAM64bits\temp\PTAM-64bits\build\GCVD\GCVD.vcxproj" (target "_BuildLinkAction" depends on it):
     1>Done building target "PrepareForRun" in project "GCVD.vcxproj".
       Target "CustomBuildStep" skipped, due to false condition; ('@(CustomBuildStep)' != '' and '$(SelectedFiles)'=='') was evaluated as ('' != '' and ''=='').
     1>Target "PostBuildEvent" in file "C:\Program Files (x86)\MSBuild\Microsoft.Cpp\v4.0\V140\Microsoft.CppCommon.targets" from project "C:\workSpace\dev\PTAM64bits\temp\PTAM-64bits\build\GCVD\GCVD.vcxproj" (target "_BuildLinkAction" depends on it):
       Task "Message" skipped, due to false condition; ('%(PostBuildEvent.Message)' != '' and '%(PostBuildEvent.Command)' != '') was evaluated as ('' != '' and '' != '').
       Task "Exec" skipped, due to false condition; ('%(PostBuildEvent.Command)' != '') was evaluated as ('' != '').
     1>Done building target "PostBuildEvent" in project "GCVD.vcxproj".
     1>Target "_BuildLinkAction" in file "C:\Program Files (x86)\MSBuild\Microsoft.Cpp\v4.0\V140\Microsoft.CppBuild.targets" from project "C:\workSpace\dev\PTAM64bits\temp\PTAM-64bits\build\GCVD\GCVD.vcxproj" (target "BuildLink" depends on it):
     1>Done building target "_BuildLinkAction" in project "GCVD.vcxproj".
     1>Target "BuildLink" in file "C:\Program Files (x86)\MSBuild\14.0\bin\Microsoft.Common.CurrentVersion.targets" from project "C:\workSpace\dev\PTAM64bits\temp\PTAM-64bits\build\GCVD\GCVD.vcxproj" (target "Build" depends on it):
     1>Done building target "BuildLink" in project "GCVD.vcxproj".
       Target "CreateTfsBuildInfoResource" skipped, due to false condition; ( $(AddBuildInfoToAssembly)==true ) was evaluated as ( false==true ).
     1>Target "AfterBuild" in file "C:\Program Files (x86)\MSBuild\Microsoft.Cpp\v4.0\V140\Microsoft.BuildSteps.Targets" from project "C:\workSpace\dev\PTAM64bits\temp\PTAM-64bits\build\GCVD\GCVD.vcxproj" (target "Build" depends on it):
     1>Done building target "AfterBuild" in project "GCVD.vcxproj".
     1>Target "FinalizeBuildStatus" in file "C:\Program Files (x86)\MSBuild\Microsoft.Cpp\v4.0\V140\Microsoft.CppBuild.targets" from project "C:\workSpace\dev\PTAM64bits\temp\PTAM-64bits\build\GCVD\GCVD.vcxproj" (target "Build" depends on it):
       Task "Delete"
         Deleting file "GCVD.dir\Release\GCVD.tlog\unsuccessfulbuild".
       Done executing task "Delete".
       Task "Touch"
         Touching "GCVD.dir\Release\GCVD.tlog\GCVD.lastbuildstate".
       Done executing task "Touch".
     1>Done building target "FinalizeBuildStatus" in project "GCVD.vcxproj".
     1>Target "Build" in file "C:\Program Files (x86)\MSBuild\Microsoft.Cpp\v4.0\V140\Microsoft.BuildSteps.Targets" from project "C:\workSpace\dev\PTAM64bits\temp\PTAM-64bits\build\GCVD\GCVD.vcxproj" (target "Rebuild" depends on it):
     1>Done building target "Build" in project "GCVD.vcxproj".
     1>Target "AfterRebuild" in file "C:\Program Files (x86)\MSBuild\14.0\bin\Microsoft.Common.CurrentVersion.targets" from project "C:\workSpace\dev\PTAM64bits\temp\PTAM-64bits\build\GCVD\GCVD.vcxproj" (target "Rebuild" depends on it):
     1>Done building target "AfterRebuild" in project "GCVD.vcxproj".
     1>Target "Rebuild" in file "C:\Program Files (x86)\MSBuild\Microsoft.Cpp\v4.0\V140\Microsoft.BuildSteps.Targets" from project "C:\workSpace\dev\PTAM64bits\temp\PTAM-64bits\build\GCVD\GCVD.vcxproj" (entry point):
     1>Done building target "Rebuild" in project "GCVD.vcxproj".
     1>Done Building Project "C:\workSpace\dev\PTAM64bits\temp\PTAM-64bits\build\GCVD\GCVD.vcxproj" (Rebuild target(s)).

Build succeeded.

Time Elapsed 00:00:03.37
