c:\workspace\dev\ptam64bits\temp\ptam-64bits\build\fast\fast.dir\release\nonmax_suppression.obj
c:\workspace\dev\ptam64bits\temp\ptam-64bits\build\fast\fast.dir\release\fast_corner.obj
c:\workspace\dev\ptam64bits\temp\ptam-64bits\build\fast\fast.dir\release\fast_9_score.obj
c:\workspace\dev\ptam64bits\temp\ptam-64bits\build\fast\fast.dir\release\fast_9_detect.obj
c:\workspace\dev\ptam64bits\temp\ptam-64bits\build\fast\fast.dir\release\fast_8_score.obj
c:\workspace\dev\ptam64bits\temp\ptam-64bits\build\fast\fast.dir\release\fast_8_detect.obj
c:\workspace\dev\ptam64bits\temp\ptam-64bits\build\fast\fast.dir\release\fast_7_score.obj
c:\workspace\dev\ptam64bits\temp\ptam-64bits\build\fast\fast.dir\release\fast_7_detect.obj
c:\workspace\dev\ptam64bits\temp\ptam-64bits\build\fast\fast.dir\release\fast_12_score.obj
c:\workspace\dev\ptam64bits\temp\ptam-64bits\build\fast\fast.dir\release\fast_12_detect.obj
c:\workspace\dev\ptam64bits\temp\ptam-64bits\build\fast\fast.dir\release\fast_11_score.obj
c:\workspace\dev\ptam64bits\temp\ptam-64bits\build\fast\fast.dir\release\fast_11_detect.obj
c:\workspace\dev\ptam64bits\temp\ptam-64bits\build\fast\fast.dir\release\fast_10_score.obj
c:\workspace\dev\ptam64bits\temp\ptam-64bits\build\fast\fast.dir\release\fast_10_detect.obj
c:\workspace\dev\ptam64bits\temp\ptam-64bits\build\fast\cmakefiles\generate.stamp
c:\workspace\dev\ptam64bits\temp\ptam-64bits\build\fast\release\fast.lib
c:\workspace\dev\ptam64bits\temp\ptam-64bits\build\fast\fast.dir\release\fast.tlog\cl.command.1.tlog
c:\workspace\dev\ptam64bits\temp\ptam-64bits\build\fast\fast.dir\release\fast.tlog\cl.read.1.tlog
c:\workspace\dev\ptam64bits\temp\ptam-64bits\build\fast\fast.dir\release\fast.tlog\cl.write.1.tlog
c:\workspace\dev\ptam64bits\temp\ptam-64bits\build\fast\fast.dir\release\fast.tlog\custombuild.command.1.tlog
c:\workspace\dev\ptam64bits\temp\ptam-64bits\build\fast\fast.dir\release\fast.tlog\custombuild.read.1.tlog
c:\workspace\dev\ptam64bits\temp\ptam-64bits\build\fast\fast.dir\release\fast.tlog\custombuild.write.1.tlog
c:\workspace\dev\ptam64bits\temp\ptam-64bits\build\fast\fast.dir\release\fast.tlog\lib-link.read.1.tlog
c:\workspace\dev\ptam64bits\temp\ptam-64bits\build\fast\fast.dir\release\fast.tlog\lib-link.write.1.tlog
c:\workspace\dev\ptam64bits\temp\ptam-64bits\build\fast\fast.dir\release\fast.tlog\lib.command.1.tlog
