Build started 2017/04/10 20:09:55.
     1>Project "C:\workSpace\dev\PTAM64bits\temp\PTAM-64bits\build\ALL_BUILD.vcxproj" on node 4 (Rebuild target(s)).
     1>Building with tools version "14.0".
     1>Target "_CheckForInvalidConfigurationAndPlatform" in file "C:\Program Files (x86)\MSBuild\14.0\bin\Microsoft.Common.CurrentVersion.targets" from project "C:\workSpace\dev\PTAM64bits\temp\PTAM-64bits\build\ALL_BUILD.vcxproj" (entry point):
       Task "Error" skipped, due to false condition; ( '$(_InvalidConfigurationError)' == 'true' ) was evaluated as ( '' == 'true' ).
       Task "Warning" skipped, due to false condition; ( '$(_InvalidConfigurationWarning)' == 'true' ) was evaluated as ( '' == 'true' ).
       Task "Message"
         Configuration=Release
       Done executing task "Message".
       Task "Message"
         Platform=x64
       Done executing task "Message".
       Task "Error" skipped, due to false condition; ('$(OutDir)' != '' and !HasTrailingSlash('$(OutDir)')) was evaluated as ('C:\workSpace\dev\PTAM64bits\temp\PTAM-64bits\build\x64\Release\' != '' and !HasTrailingSlash('C:\workSpace\dev\PTAM64bits\temp\PTAM-64bits\build\x64\Release\')).
       Task "Error" skipped, due to false condition; ('$(BaseIntermediateOutputPath)' != '' and !HasTrailingSlash('$(BaseIntermediateOutputPath)')) was evaluated as ('obj\' != '' and !HasTrailingSlash('obj\')).
       Task "Error" skipped, due to false condition; ('$(IntermediateOutputPath)' != '' and !HasTrailingSlash('$(IntermediateOutputPath)')) was evaluated as ('x64\Release\ALL_BUILD\' != '' and !HasTrailingSlash('x64\Release\ALL_BUILD\')).
     1>Done building target "_CheckForInvalidConfigurationAndPlatform" in project "ALL_BUILD.vcxproj".
     1>Target "_PrepareForRebuild" in file "C:\Program Files (x86)\MSBuild\Microsoft.Cpp\v4.0\V140\Microsoft.BuildSteps.Targets" from project "C:\workSpace\dev\PTAM64bits\temp\PTAM-64bits\build\ALL_BUILD.vcxproj" (target "Rebuild" depends on it):
     1>Done building target "_PrepareForRebuild" in project "ALL_BUILD.vcxproj".
     1>Target "BeforeRebuild" in file "C:\Program Files (x86)\MSBuild\14.0\bin\Microsoft.Common.CurrentVersion.targets" from project "C:\workSpace\dev\PTAM64bits\temp\PTAM-64bits\build\ALL_BUILD.vcxproj" (target "Rebuild" depends on it):
     1>Done building target "BeforeRebuild" in project "ALL_BUILD.vcxproj".
     1>Target "_PrepareForClean" in file "C:\Program Files (x86)\MSBuild\Microsoft.Cpp\v4.0\V140\Microsoft.BuildSteps.Targets" from project "C:\workSpace\dev\PTAM64bits\temp\PTAM-64bits\build\ALL_BUILD.vcxproj" (target "Clean" depends on it):
       Task "Delete" skipped, due to false condition; (Exists($(LastBuildState))) was evaluated as (Exists(x64\Release\ALL_BUILD\ALL_BUILD.tlog\ALL_BUILD.lastbuildstate)).
     1>Done building target "_PrepareForClean" in project "ALL_BUILD.vcxproj".
     1>Target "BeforeClean" in file "C:\Program Files (x86)\MSBuild\14.0\bin\Microsoft.Common.CurrentVersion.targets" from project "C:\workSpace\dev\PTAM64bits\temp\PTAM-64bits\build\ALL_BUILD.vcxproj" (target "Clean" depends on it):
     1>Done building target "BeforeClean" in project "ALL_BUILD.vcxproj".
       Target "UnmanagedUnregistration" skipped, due to false condition; ((('$(_AssemblyTimestampBeforeCompile)' != '$(_AssemblyTimestampAfterCompile)' or '$(RegisterForComInterop)' != 'true' or '$(OutputType)' != 'library') or
                           ('$(_AssemblyTimestampBeforeCompile)' == '')) and
                          Exists('@(_UnmanagedRegistrationCache)')) was evaluated as ((('' != '' or '' != 'true' or 'exe' != 'library') or
                           ('' == '')) and
                          Exists('obj\ALL_BUILD.vcxproj.UnmanagedRegistration.cache')).
     1>Target "CoreClean" in file "C:\Program Files (x86)\MSBuild\14.0\bin\Microsoft.Common.CurrentVersion.targets" from project "C:\workSpace\dev\PTAM64bits\temp\PTAM-64bits\build\ALL_BUILD.vcxproj" (target "Clean" depends on it):
       Task "Delete"
         File "x64\Release\ALL_BUILD\\TempCA\ALL_BUILD.pdb" doesn't exist. Skipping.
         File "x64\Release\ALL_BUILD\\TempCA\ALL_BUILD.exe" doesn't exist. Skipping.
       Done executing task "Delete".
       Task "ReadLinesFromFile"
       Done executing task "ReadLinesFromFile".
       Task "FindUnderPath"
         Comparison path is "C:\workSpace\dev\PTAM64bits\temp\PTAM-64bits\build\x64\Release\".
       Done executing task "FindUnderPath".
       Task "FindUnderPath"
         Comparison path is "x64\Release\ALL_BUILD\".
       Done executing task "FindUnderPath".
       Task "Delete"
       Done executing task "Delete".
       Task "RemoveDuplicates"
       Done executing task "RemoveDuplicates".
       Task "MakeDir"
       Done executing task "MakeDir".
       Task "WriteLinesToFile"
       Done executing task "WriteLinesToFile".
     1>Done building target "CoreClean" in project "ALL_BUILD.vcxproj".
     1>Target "AssignProjectConfiguration" in file "C:\Program Files (x86)\MSBuild\14.0\bin\Microsoft.Common.CurrentVersion.targets" from project "C:\workSpace\dev\PTAM64bits\temp\PTAM-64bits\build\ALL_BUILD.vcxproj" (target "CleanReferencedProjects" depends on it):
       Task "AssignProjectConfiguration"
         Project reference "C:/workSpace/dev/PTAM64bits/temp/PTAM-64bits/build/ZERO_CHECK.vcxproj" has been assigned the "Release|x64" configuration.
         Project reference "C:/workSpace/dev/PTAM64bits/temp/PTAM-64bits/build/FAST/FAST.vcxproj" has been assigned the "Release|x64" configuration.
         Project reference "C:/workSpace/dev/PTAM64bits/temp/PTAM-64bits/build/GCVD/GCVD.vcxproj" has been assigned the "Release|x64" configuration.
         Project reference "C:/workSpace/dev/PTAM64bits/temp/PTAM-64bits/build/PTAM.vcxproj" has been assigned the "Release|x64" configuration.
         Project reference "C:/workSpace/dev/PTAM64bits/temp/PTAM-64bits/build/Persistence/Persistence.vcxproj" has been assigned the "Release|x64" configuration.
       Done executing task "AssignProjectConfiguration".
     1>Done building target "AssignProjectConfiguration" in project "ALL_BUILD.vcxproj".
     1>Target "_SplitProjectReferencesByFileExistence" in file "C:\Program Files (x86)\MSBuild\14.0\bin\Microsoft.Common.CurrentVersion.targets" from project "C:\workSpace\dev\PTAM64bits\temp\PTAM-64bits\build\ALL_BUILD.vcxproj" (target "CleanReferencedProjects" depends on it):
       Task "ResolveNonMSBuildProjectOutput"
         Resolving project reference "C:/workSpace/dev/PTAM64bits/temp/PTAM-64bits/build/ZERO_CHECK.vcxproj".
         Project reference "C:/workSpace/dev/PTAM64bits/temp/PTAM-64bits/build/ZERO_CHECK.vcxproj" has not been resolved.
         Resolving project reference "C:/workSpace/dev/PTAM64bits/temp/PTAM-64bits/build/FAST/FAST.vcxproj".
         Project reference "C:/workSpace/dev/PTAM64bits/temp/PTAM-64bits/build/FAST/FAST.vcxproj" has not been resolved.
         Resolving project reference "C:/workSpace/dev/PTAM64bits/temp/PTAM-64bits/build/GCVD/GCVD.vcxproj".
         Project reference "C:/workSpace/dev/PTAM64bits/temp/PTAM-64bits/build/GCVD/GCVD.vcxproj" has not been resolved.
         Resolving project reference "C:/workSpace/dev/PTAM64bits/temp/PTAM-64bits/build/PTAM.vcxproj".
         Project reference "C:/workSpace/dev/PTAM64bits/temp/PTAM-64bits/build/PTAM.vcxproj" has not been resolved.
         Resolving project reference "C:/workSpace/dev/PTAM64bits/temp/PTAM-64bits/build/Persistence/Persistence.vcxproj".
         Project reference "C:/workSpace/dev/PTAM64bits/temp/PTAM-64bits/build/Persistence/Persistence.vcxproj" has not been resolved.
       Done executing task "ResolveNonMSBuildProjectOutput".
     1>Done building target "_SplitProjectReferencesByFileExistence" in project "ALL_BUILD.vcxproj".
     1>Target "CleanReferencedProjects" in file "C:\Program Files (x86)\MSBuild\14.0\bin\Microsoft.Common.CurrentVersion.targets" from project "C:\workSpace\dev\PTAM64bits\temp\PTAM-64bits\build\ALL_BUILD.vcxproj" (target "Clean" depends on it):
       Task "MSBuild" skipped, due to false condition; ('$(BuildingInsideVisualStudio)' != 'true' and '$(BuildProjectReferences)' == 'true' and '@(_MSBuildProjectReferenceExistent)' != '') was evaluated as ('true' != 'true' and 'true' == 'true' and 'C:/workSpace/dev/PTAM64bits/temp/PTAM-64bits/build/ZERO_CHECK.vcxproj;C:/workSpace/dev/PTAM64bits/temp/PTAM-64bits/build/FAST/FAST.vcxproj;C:/workSpace/dev/PTAM64bits/temp/PTAM-64bits/build/GCVD/GCVD.vcxproj;C:/workSpace/dev/PTAM64bits/temp/PTAM-64bits/build/PTAM.vcxproj;C:/workSpace/dev/PTAM64bits/temp/PTAM-64bits/build/Persistence/Persistence.vcxproj' != '').
     1>Done building target "CleanReferencedProjects" in project "ALL_BUILD.vcxproj".
     1>Target "CleanPublishFolder" in file "C:\Program Files (x86)\MSBuild\14.0\bin\Microsoft.Common.CurrentVersion.targets" from project "C:\workSpace\dev\PTAM64bits\temp\PTAM-64bits\build\ALL_BUILD.vcxproj" (target "Clean" depends on it):
       Task "RemoveDir" skipped, due to false condition; ('$(PublishDir)'=='$(OutputPath)app.publish\' and Exists('$(PublishDir)')) was evaluated as ('C:\workSpace\dev\PTAM64bits\temp\PTAM-64bits\build\x64\Release\app.publish\'=='C:\workSpace\dev\PTAM64bits\temp\PTAM-64bits\build\x64\Release\app.publish\' and Exists('C:\workSpace\dev\PTAM64bits\temp\PTAM-64bits\build\x64\Release\app.publish\')).
     1>Done building target "CleanPublishFolder" in project "ALL_BUILD.vcxproj".
     1>Target "AfterClean" in file "C:\Program Files (x86)\MSBuild\14.0\bin\Microsoft.Common.CurrentVersion.targets" from project "C:\workSpace\dev\PTAM64bits\temp\PTAM-64bits\build\ALL_BUILD.vcxproj" (target "Clean" depends on it):
     1>Done building target "AfterClean" in project "ALL_BUILD.vcxproj".
       Target "EntityClean" skipped, due to false condition; ('@(EntityDeploy)' != '') was evaluated as ('' != '').
     1>Target "BeforeCppClean" in file "C:\Program Files (x86)\MSBuild\Microsoft.Cpp\v4.0\V140\Microsoft.CppClean.targets" from project "C:\workSpace\dev\PTAM64bits\temp\PTAM-64bits\build\ALL_BUILD.vcxproj" (target "CppClean" depends on it):
     1>Done building target "BeforeCppClean" in project "ALL_BUILD.vcxproj".
     1>Target "CoreCppClean" in file "C:\Program Files (x86)\MSBuild\Microsoft.Cpp\v4.0\V140\Microsoft.CppClean.targets" from project "C:\workSpace\dev\PTAM64bits\temp\PTAM-64bits\build\ALL_BUILD.vcxproj" (target "CppClean" depends on it):
       Task "MakeDir"
       Done executing task "MakeDir".
       Using "CppClean" task from assembly "C:\Program Files (x86)\MSBuild\Microsoft.Cpp\v4.0\V140\Microsoft.Build.CppTasks.Common.dll".
       Task "CppClean"
       Done executing task "CppClean".
       Task "WriteLinesToFile"
       Done executing task "WriteLinesToFile".
     1>Done building target "CoreCppClean" in project "ALL_BUILD.vcxproj".
     1>Target "AfterCppClean" in file "C:\Program Files (x86)\MSBuild\Microsoft.Cpp\v4.0\V140\Microsoft.CppClean.targets" from project "C:\workSpace\dev\PTAM64bits\temp\PTAM-64bits\build\ALL_BUILD.vcxproj" (target "CppClean" depends on it):
     1>Done building target "AfterCppClean" in project "ALL_BUILD.vcxproj".
     1>Target "PGInstrumentedClean" in file "C:\Program Files (x86)\MSBuild\Microsoft.Cpp\v4.0\V140\Microsoft.CppClean.targets" from project "C:\workSpace\dev\PTAM64bits\temp\PTAM-64bits\build\ALL_BUILD.vcxproj" (target "CppClean" depends on it):
       Task "Delete"
       Done executing task "Delete".
     1>Done building target "PGInstrumentedClean" in project "ALL_BUILD.vcxproj".
     1>Target "CppClean" in file "C:\Program Files (x86)\MSBuild\Microsoft.Cpp\v4.0\V140\Microsoft.CppClean.targets" from project "C:\workSpace\dev\PTAM64bits\temp\PTAM-64bits\build\ALL_BUILD.vcxproj" (target "Clean" depends on it):
     1>Done building target "CppClean" in project "ALL_BUILD.vcxproj".
     1>Target "Clean" in file "C:\Program Files (x86)\MSBuild\14.0\bin\Microsoft.Common.CurrentVersion.targets" from project "C:\workSpace\dev\PTAM64bits\temp\PTAM-64bits\build\ALL_BUILD.vcxproj" (target "Rebuild" depends on it):
     1>Done building target "Clean" in project "ALL_BUILD.vcxproj".
     1>Target "_PrepareForBuild" in file "C:\Program Files (x86)\MSBuild\Microsoft.Cpp\v4.0\V140\Microsoft.BuildSteps.Targets" from project "C:\workSpace\dev\PTAM64bits\temp\PTAM-64bits\build\ALL_BUILD.vcxproj" (target "Build" depends on it):
       Task "CreateItem" skipped, due to false condition; ('%(CustomBuild.IncludeFileToTool)'!='') was evaluated as (''!='').
     1>Done building target "_PrepareForBuild" in project "ALL_BUILD.vcxproj".
     1>Target "_PrepareForReferenceResolution" in file "C:\Program Files (x86)\MSBuild\Microsoft.Cpp\v4.0\V140\Microsoft.CppBuild.targets" from project "C:\workSpace\dev\PTAM64bits\temp\PTAM-64bits\build\ALL_BUILD.vcxproj" (target "ResolveReferences" depends on it):
       Task "Message" skipped, due to false condition; ('$(_REFERENCE_DEBUG)'=='true') was evaluated as (''=='true').
     1>Done building target "_PrepareForReferenceResolution" in project "ALL_BUILD.vcxproj".
       Target "ComputeCrtSDKReference" skipped, due to false condition; ('@(ClCompile)'!='' and '$(WindowsAppContainer)'=='true' and '$(UseCrtSDKReference)' != 'false') was evaluated as (''!='' and 'false'=='true' and '' != 'false').
     1>Target "BeforeResolveReferences" in file "C:\Program Files (x86)\MSBuild\14.0\bin\Microsoft.Common.CurrentVersion.targets" from project "C:\workSpace\dev\PTAM64bits\temp\PTAM-64bits\build\ALL_BUILD.vcxproj" (target "ResolveReferences" depends on it):
     1>Done building target "BeforeResolveReferences" in project "ALL_BUILD.vcxproj".
       Target "AssignProjectConfiguration" skipped. Previously built successfully.
       Target "AssignProjectConfiguration" skipped. Previously built successfully.
       Target "_SplitProjectReferencesByFileExistence" skipped. Previously built successfully.
     1>Target "_RemoveNameMetadataFromProjectReferenceItems" in file "C:\Program Files (x86)\MSBuild\Microsoft.Cpp\v4.0\V140\Microsoft.CppBuild.targets" from project "C:\workSpace\dev\PTAM64bits\temp\PTAM-64bits\build\ALL_BUILD.vcxproj" (target "ResolveProjectReferences" depends on it):
     1>Done building target "_RemoveNameMetadataFromProjectReferenceItems" in project "ALL_BUILD.vcxproj".
     1>Target "ResolveProjectReferences" in file "C:\Program Files (x86)\MSBuild\14.0\bin\Microsoft.Common.CurrentVersion.targets" from project "C:\workSpace\dev\PTAM64bits\temp\PTAM-64bits\build\ALL_BUILD.vcxproj" (target "ResolveReferences" depends on it):
       Task "MSBuild"
         Global Properties:
           Configuration=Release
           Platform=x64
     1>Project "C:\workSpace\dev\PTAM64bits\temp\PTAM-64bits\build\ALL_BUILD.vcxproj" (1) is building "C:\workSpace\dev\PTAM64bits\temp\PTAM-64bits\build\Persistence\Persistence.vcxproj" (2) on node 4 (GetTargetPath target(s)).
     2>ツール バージョン "14.0" でビルドしています。
       ターゲット "_CheckForInvalidConfigurationAndPlatform" を省略しました。以前に正しくビルドされていました。
       ターゲット "GetTargetPath" を省略しました。以前に正しくビルドされていました。
     2>Done Building Project "C:\workSpace\dev\PTAM64bits\temp\PTAM-64bits\build\Persistence\Persistence.vcxproj" (GetTargetPath target(s)).
     1>Project "C:\workSpace\dev\PTAM64bits\temp\PTAM-64bits\build\ALL_BUILD.vcxproj" (1) is building "C:\workSpace\dev\PTAM64bits\temp\PTAM-64bits\build\ZERO_CHECK.vcxproj" (3) on node 2 (GetTargetPath target(s)).
     3>Building with tools version "14.0".
       Target "_CheckForInvalidConfigurationAndPlatform" skipped. Previously built successfully.
       Target "GetTargetPath" skipped. Previously built successfully.
     3>Done Building Project "C:\workSpace\dev\PTAM64bits\temp\PTAM-64bits\build\ZERO_CHECK.vcxproj" (GetTargetPath target(s)).
     1>Project "C:\workSpace\dev\PTAM64bits\temp\PTAM-64bits\build\ALL_BUILD.vcxproj" (1) is building "C:\workSpace\dev\PTAM64bits\temp\PTAM-64bits\build\FAST\FAST.vcxproj" (4) on node 2 (GetTargetPath target(s)).
     4>Building with tools version "14.0".
       Target "_CheckForInvalidConfigurationAndPlatform" skipped. Previously built successfully.
       Target "GetTargetPath" skipped. Previously built successfully.
     4>Done Building Project "C:\workSpace\dev\PTAM64bits\temp\PTAM-64bits\build\FAST\FAST.vcxproj" (GetTargetPath target(s)).
     1>Project "C:\workSpace\dev\PTAM64bits\temp\PTAM-64bits\build\ALL_BUILD.vcxproj" (1) is building "C:\workSpace\dev\PTAM64bits\temp\PTAM-64bits\build\GCVD\GCVD.vcxproj" (5) on node 3 (GetTargetPath target(s)).
     5>Building with tools version "14.0".
       Target "_CheckForInvalidConfigurationAndPlatform" skipped. Previously built successfully.
       Target "GetTargetPath" skipped. Previously built successfully.
     5>Done Building Project "C:\workSpace\dev\PTAM64bits\temp\PTAM-64bits\build\GCVD\GCVD.vcxproj" (GetTargetPath target(s)).
     1>Project "C:\workSpace\dev\PTAM64bits\temp\PTAM-64bits\build\ALL_BUILD.vcxproj" (1) is building "C:\workSpace\dev\PTAM64bits\temp\PTAM-64bits\build\PTAM.vcxproj" (6) on node 3 (GetTargetPath target(s)).
     6>Building with tools version "14.0".
       Target "_CheckForInvalidConfigurationAndPlatform" skipped. Previously built successfully.
       Target "_PrepareForReferenceResolution" skipped. Previously built successfully.
       Target "GetResolvedWinMD" skipped. Previously built successfully.
     6>Target "GetTargetPath" in file "C:\Program Files (x86)\MSBuild\Microsoft.Cpp\v4.0\V140\Microsoft.CppBuild.targets" from project "C:\workSpace\dev\PTAM64bits\temp\PTAM-64bits\build\PTAM.vcxproj" (entry point):
     6>Done building target "GetTargetPath" in project "PTAM.vcxproj".
     6>Done Building Project "C:\workSpace\dev\PTAM64bits\temp\PTAM-64bits\build\PTAM.vcxproj" (GetTargetPath target(s)) -- FAILED.
     1>Done executing task "MSBuild".
       Task "MSBuild" skipped, due to false condition; ('%(_MSBuildProjectReferenceExistent.BuildReference)' == 'true' and '@(ProjectReferenceWithConfiguration)' != '' and ('$(BuildingInsideVisualStudio)' == 'true' or '$(BuildProjectReferences)' != 'true') and '$(VisualStudioVersion)' == '10.0' and '@(_MSBuildProjectReferenceExistent)' != '') was evaluated as ('true' == 'true' and 'C:/workSpace/dev/PTAM64bits/temp/PTAM-64bits/build/ZERO_CHECK.vcxproj;C:/workSpace/dev/PTAM64bits/temp/PTAM-64bits/build/FAST/FAST.vcxproj;C:/workSpace/dev/PTAM64bits/temp/PTAM-64bits/build/GCVD/GCVD.vcxproj;C:/workSpace/dev/PTAM64bits/temp/PTAM-64bits/build/PTAM.vcxproj;C:/workSpace/dev/PTAM64bits/temp/PTAM-64bits/build/Persistence/Persistence.vcxproj' != '' and ('true' == 'true' or 'true' != 'true') and '14.0' == '10.0' and 'C:/workSpace/dev/PTAM64bits/temp/PTAM-64bits/build/ZERO_CHECK.vcxproj;C:/workSpace/dev/PTAM64bits/temp/PTAM-64bits/build/FAST/FAST.vcxproj;C:/workSpace/dev/PTAM64bits/temp/PTAM-64bits/build/GCVD/GCVD.vcxproj;C:/workSpace/dev/PTAM64bits/temp/PTAM-64bits/build/PTAM.vcxproj;C:/workSpace/dev/PTAM64bits/temp/PTAM-64bits/build/Persistence/Persistence.vcxproj' != '').
       Task "MSBuild" skipped, due to false condition; ('%(_MSBuildProjectReferenceExistent.BuildReference)' == 'true' and '@(ProjectReferenceWithConfiguration)' != '' and '$(BuildingInsideVisualStudio)' != 'true' and '$(BuildProjectReferences)' == 'true' and '@(_MSBuildProjectReferenceExistent)' != '') was evaluated as ('true' == 'true' and 'C:/workSpace/dev/PTAM64bits/temp/PTAM-64bits/build/ZERO_CHECK.vcxproj;C:/workSpace/dev/PTAM64bits/temp/PTAM-64bits/build/FAST/FAST.vcxproj;C:/workSpace/dev/PTAM64bits/temp/PTAM-64bits/build/GCVD/GCVD.vcxproj;C:/workSpace/dev/PTAM64bits/temp/PTAM-64bits/build/PTAM.vcxproj;C:/workSpace/dev/PTAM64bits/temp/PTAM-64bits/build/Persistence/Persistence.vcxproj' != '' and 'true' != 'true' and 'true' == 'true' and 'C:/workSpace/dev/PTAM64bits/temp/PTAM-64bits/build/ZERO_CHECK.vcxproj;C:/workSpace/dev/PTAM64bits/temp/PTAM-64bits/build/FAST/FAST.vcxproj;C:/workSpace/dev/PTAM64bits/temp/PTAM-64bits/build/GCVD/GCVD.vcxproj;C:/workSpace/dev/PTAM64bits/temp/PTAM-64bits/build/PTAM.vcxproj;C:/workSpace/dev/PTAM64bits/temp/PTAM-64bits/build/Persistence/Persistence.vcxproj' != '').
       Task "MSBuild"
         Global Properties:
           Configuration=Release
           Platform=x64
     1>Project "C:\workSpace\dev\PTAM64bits\temp\PTAM-64bits\build\ALL_BUILD.vcxproj" (1) is building "C:\workSpace\dev\PTAM64bits\temp\PTAM-64bits\build\ZERO_CHECK.vcxproj" (3:2) on node 2 (GetNativeManifest target(s)).
   3:2>Building with tools version "14.0".
       Target "_CheckForInvalidConfigurationAndPlatform" skipped. Previously built successfully.
       Target "GetNativeManifest" skipped. Previously built successfully.
   3:2>Done Building Project "C:\workSpace\dev\PTAM64bits\temp\PTAM-64bits\build\ZERO_CHECK.vcxproj" (GetNativeManifest target(s)).
     1>Project "C:\workSpace\dev\PTAM64bits\temp\PTAM-64bits\build\ALL_BUILD.vcxproj" (1) is building "C:\workSpace\dev\PTAM64bits\temp\PTAM-64bits\build\FAST\FAST.vcxproj" (4:2) on node 2 (GetNativeManifest target(s)).
   4:2>Building with tools version "14.0".
       Target "_CheckForInvalidConfigurationAndPlatform" skipped. Previously built successfully.
       Target "GetNativeManifest" skipped. Previously built successfully.
   4:2>Done Building Project "C:\workSpace\dev\PTAM64bits\temp\PTAM-64bits\build\FAST\FAST.vcxproj" (GetNativeManifest target(s)).
     1>Project "C:\workSpace\dev\PTAM64bits\temp\PTAM-64bits\build\ALL_BUILD.vcxproj" (1) is building "C:\workSpace\dev\PTAM64bits\temp\PTAM-64bits\build\GCVD\GCVD.vcxproj" (5:2) on node 3 (GetNativeManifest target(s)).
   5:2>Building with tools version "14.0".
       Target "_CheckForInvalidConfigurationAndPlatform" skipped. Previously built successfully.
       Target "GetNativeManifest" skipped. Previously built successfully.
   5:2>Done Building Project "C:\workSpace\dev\PTAM64bits\temp\PTAM-64bits\build\GCVD\GCVD.vcxproj" (GetNativeManifest target(s)).
     1>Project "C:\workSpace\dev\PTAM64bits\temp\PTAM-64bits\build\ALL_BUILD.vcxproj" (1) is building "C:\workSpace\dev\PTAM64bits\temp\PTAM-64bits\build\Persistence\Persistence.vcxproj" (2:2) on node 4 (GetNativeManifest target(s)).
   2:2>ツール バージョン "14.0" でビルドしています。
       ターゲット "_CheckForInvalidConfigurationAndPlatform" を省略しました。以前に正しくビルドされていました。
       ターゲット "GetNativeManifest" を省略しました。以前に正しくビルドされていました。
   2:2>Done Building Project "C:\workSpace\dev\PTAM64bits\temp\PTAM-64bits\build\Persistence\Persistence.vcxproj" (GetNativeManifest target(s)).
     1>Project "C:\workSpace\dev\PTAM64bits\temp\PTAM-64bits\build\ALL_BUILD.vcxproj" (1) is building "C:\workSpace\dev\PTAM64bits\temp\PTAM-64bits\build\PTAM.vcxproj" (6:2) on node 3 (GetNativeManifest target(s)).
   6:2>Building with tools version "14.0".
       Target "_CheckForInvalidConfigurationAndPlatform" skipped. Previously built successfully.
   6:2>Target "GetNativeManifest" in file "C:\Program Files (x86)\MSBuild\Microsoft.Cpp\v4.0\V140\Microsoft.CppCommon.targets" from project "C:\workSpace\dev\PTAM64bits\temp\PTAM-64bits\build\PTAM.vcxproj" (entry point):
   6:2>Done building target "GetNativeManifest" in project "PTAM.vcxproj".
   6:2>Done Building Project "C:\workSpace\dev\PTAM64bits\temp\PTAM-64bits\build\PTAM.vcxproj" (GetNativeManifest target(s)) -- FAILED.
     1>Done executing task "MSBuild".
       Task "Warning" skipped, due to false condition; ('@(ProjectReferenceWithConfiguration)' != '' and '@(_MSBuildProjectReferenceNonexistent)' != '') was evaluated as ('C:/workSpace/dev/PTAM64bits/temp/PTAM-64bits/build/ZERO_CHECK.vcxproj;C:/workSpace/dev/PTAM64bits/temp/PTAM-64bits/build/FAST/FAST.vcxproj;C:/workSpace/dev/PTAM64bits/temp/PTAM-64bits/build/GCVD/GCVD.vcxproj;C:/workSpace/dev/PTAM64bits/temp/PTAM-64bits/build/PTAM.vcxproj;C:/workSpace/dev/PTAM64bits/temp/PTAM-64bits/build/Persistence/Persistence.vcxproj' != '' and '' != '').
     1>Done building target "ResolveProjectReferences" in project "ALL_BUILD.vcxproj".
       Target "FindInvalidProjectReferences" skipped, due to false condition; ('$(FindInvalidProjectReferences)' == 'true') was evaluated as ('' == 'true').
       Target "ResolveNativeReferences" skipped, due to false condition; ('@(NativeReference)'!='') was evaluated as (''!='').
       Target "_PrepareForReferenceResolution" skipped. Previously built successfully.
     1>Target "GetFrameworkPaths" in file "C:\Program Files (x86)\MSBuild\14.0\bin\Microsoft.NetFramework.CurrentVersion.targets" from project "C:\workSpace\dev\PTAM64bits\temp\PTAM-64bits\build\ALL_BUILD.vcxproj" (target "ResolveAssemblyReferences" depends on it):
     1>Done building target "GetFrameworkPaths" in project "ALL_BUILD.vcxproj".
       Target "GetWinFXPath" skipped, due to false condition; (('@(Page)' != '' or '@(ApplicationDefinition)' != '' or '@(Resource)' != '') and ('$(GetWinFXNativePath)' != '' or '$(GetWinFXWoWPath)' != '' )) was evaluated as (('' != '' or '' != '' or '' != '') and ('' != '' or '' != '' )).
     1>Target "GetReferenceAssemblyPaths" in file "C:\Program Files (x86)\MSBuild\14.0\bin\Microsoft.Common.CurrentVersion.targets" from project "C:\workSpace\dev\PTAM64bits\temp\PTAM-64bits\build\ALL_BUILD.vcxproj" (target "ResolveAssemblyReferences" depends on it):
       Task "GetReferenceAssemblyPaths" skipped, due to false condition; ('$(TargetFrameworkMoniker)' != '' and ('$(_TargetFrameworkDirectories)' == '' or '$(_FullFrameworkReferenceAssemblyPaths)' == '')) was evaluated as ('' != '' and ('C:\Program Files (x86)\Reference Assemblies\Microsoft\Framework\.NETFramework\v4.0' == '' or 'C:\Program Files (x86)\Reference Assemblies\Microsoft\Framework\.NETFramework\v4.0' == '')).
     1>Done building target "GetReferenceAssemblyPaths" in project "ALL_BUILD.vcxproj".
     1>Target "SetBuildDefaultEnvironmentVariables" in file "C:\Program Files (x86)\MSBuild\Microsoft.Cpp\v4.0\V140\Microsoft.Cpp.Current.targets" from project "C:\workSpace\dev\PTAM64bits\temp\PTAM-64bits\build\ALL_BUILD.vcxproj" (target "PrepareForBuild" depends on it):
       Using "SetEnv" task from assembly "C:\Program Files (x86)\MSBuild\Microsoft.Cpp\v4.0\V140\Microsoft.Build.CppTasks.Common.dll".
       Task "SetEnv"
         PATH=C:\Program Files (x86)\Microsoft Visual Studio 14.0\VC\bin\x86_amd64;C:\Program Files (x86)\Microsoft Visual Studio 14.0\VC\bin;C:\Program Files (x86)\Windows Kits\8.1\bin\x86;;C:\Program Files (x86)\Microsoft SDKs\Windows\v10.0A\bin\NETFX 4.6.1 Tools;C:\Program Files (x86)\Microsoft Visual Studio 14.0\Common7\tools;C:\Program Files (x86)\Microsoft Visual Studio 14.0\Common7\ide;C:\Program Files (x86)\HTML Help Workshop;;C:\Program Files (x86)\MSBuild\14.0\bin\;C:\WINDOWS\Microsoft.NET\Framework\v4.0.30319\;;C:\Program Files (x86)\Microsoft Visual Studio 14.0\Common7\IDE\CommonExtensions\Microsoft\TeamFoundation\Team Explorer\NativeBinaries\x86;C:\Program Files (x86)\Common Files\Intel\Shared Files\fortran\bin\Intel64;C:\Program Files (x86)\Common Files\Intel\Shared Files\cpp\bin\Intel64;C:\Program Files\NVIDIA GPU Computing Toolkit\CUDA\v8.0\bin;C:\Program Files\NVIDIA GPU Computing Toolkit\CUDA\v8.0\libnvvp;C:\Program Files (x86)\Intel\iCLS Client\;C:\Program Files\Intel\iCLS Client\;C:\Windows\system32;C:\Windows;C:\Windows\System32\Wbem;C:\Windows\System32\WindowsPowerShell\v1.0\;C:\Program Files (x86)\NVIDIA Corporation\PhysX\Common;C:\Program Files (x86)\Intel\Intel(R) Management Engine Components\DAL;C:\Program Files\Intel\Intel(R) Management Engine Components\DAL;C:\Program Files (x86)\Intel\Intel(R) Management Engine Components\IPT;C:\Program Files\Intel\Intel(R) Management Engine Components\IPT;C:\WINDOWS\system32;C:\WINDOWS;C:\WINDOWS\System32\Wbem;C:\WINDOWS\System32\WindowsPowerShell\v1.0\;C:\Users\2501\.dnx\bin;C:\Program Files\Microsoft DNX\Dnvm\;C:\Program Files (x86)\Windows Kits\8.1\Windows Performance Toolkit\;C:\Program Files\Microsoft SQL Server\130\Tools\Binn\;C:\Mylib\Qt5.6.1\5.6\msvc2015_64bin;C:\Program Files\Oracle\VirtualBox\;C:\Mylib\opencv3.1.0_cuda\2501build\install\x64\vc14\bin;C:\workSpace\environment64\lapack\bin;C:\workSpace\environment\glew\bin;C:\workSpace\environment\1394camera646\bin;C:\workSpace\environment\pthreads\bin;C:\WINDOWS\SysWOW64\WindowsPowerShell\v1.0\Modules\TShell\TShell\;C:\Program Files (x86)\Windows Kits\10\Tools\x64;C:\Program Files (x86)\Microsoft Visual Studio 14.0\VC\bin;C:\Program Files (x86)\CMake\bin;C:\workSpace\environment64\lapack\bin;C:\workSpace\environment64\glew-2.0.0\bin;C:\workSpace\environment64\pthreads\x64\bin;C:\Mylib\Qt5.6.1\5.6\msvc2015_64\bin;C:\workSpace\environment\lapack\bin;C:\Users\2501\AppData\Local\Microsoft\WindowsApps;;C:\Program Files (x86)\Microsoft VS Code\bin;
       Done executing task "SetEnv".
       Task "SetEnv"
         LIB=C:\Program Files (x86)\Microsoft Visual Studio 14.0\VC\lib\amd64;;C:\Program Files (x86)\Microsoft Visual Studio 14.0\VC\atlmfc\lib\amd64;;C:\Program Files (x86)\Windows Kits\10\lib\10.0.10240.0\ucrt\x64;;;C:\Program Files (x86)\Windows Kits\8.1\lib\winv6.3\um\x64;;C:\Program Files (x86)\Windows Kits\NETFXSDK\4.6.1\Lib\um\x64
       Done executing task "SetEnv".
       Task "SetEnv"
         LIBPATH=C:\Program Files (x86)\Microsoft Visual Studio 14.0\VC\atlmfc\lib\amd64;;C:\Program Files (x86)\Microsoft Visual Studio 14.0\VC\lib\amd64;
       Done executing task "SetEnv".
       Task "SetEnv"
         INCLUDE=C:\Program Files (x86)\Microsoft Visual Studio 14.0\VC\include;;C:\Program Files (x86)\Microsoft Visual Studio 14.0\VC\atlmfc\include;;C:\Program Files (x86)\Windows Kits\10\Include\10.0.10240.0\ucrt;;;C:\Program Files (x86)\Windows Kits\8.1\Include\um;C:\Program Files (x86)\Windows Kits\8.1\Include\shared;C:\Program Files (x86)\Windows Kits\8.1\Include\winrt;;
       Done executing task "SetEnv".
     1>Done building target "SetBuildDefaultEnvironmentVariables" in project "ALL_BUILD.vcxproj".
       Target "SetUserMacroEnvironmentVariables" skipped, due to false condition; ('@(BuildMacro)' != '' and '$(DesignTimeBuild)' != 'true') was evaluated as ('' != '' and '' != 'true').
     1>Target "GetResolvedWinMD" in file "C:\Program Files (x86)\MSBuild\Microsoft.Cpp\v4.0\V140\Microsoft.CppBuild.targets" from project "C:\workSpace\dev\PTAM64bits\temp\PTAM-64bits\build\ALL_BUILD.vcxproj" (target "PrepareForBuild" depends on it):
     1>Done building target "GetResolvedWinMD" in project "ALL_BUILD.vcxproj".
     1>Target "PlatformPrepareForBuild" in file "C:\Program Files (x86)\MSBuild\Microsoft.Cpp\v4.0\V140\Microsoft.Cpp.Platform.targets" from project "C:\workSpace\dev\PTAM64bits\temp\PTAM-64bits\build\ALL_BUILD.vcxproj" (target "PrepareForBuild" depends on it):
       Task "VCMessage" skipped, due to false condition; ('$(_Error64bitToolsNotInstalled)' == 'true') was evaluated as ('' == 'true').
       Task "VCMessage" skipped, due to false condition; ('$(DesignTimeBuild)'!='true' and '$(_ToolsetFound)' != 'true' and '$(PlatformToolset)' == 'v110') was evaluated as (''!='true' and 'true' != 'true' and 'v140' == 'v110').
       Task "VCMessage" skipped, due to false condition; ('$(DesignTimeBuild)'!='true' and '$(_ToolsetFound)' != 'true' and '$(PlatformToolset)' == 'v100') was evaluated as (''!='true' and 'true' != 'true' and 'v140' == 'v100').
       Task "VCMessage" skipped, due to false condition; ('$(DesignTimeBuild)'!='true' and '$(_ToolsetFound)' != 'true' and '$(PlatformToolset)' == 'v90') was evaluated as (''!='true' and 'true' != 'true' and 'v140' == 'v90').
       Task "VCMessage" skipped, due to false condition; ('$(DesignTimeBuild)'!='true' and '$(_ToolsetFound)' != 'true' and '$(PlatformToolset)' != 'v90' and '$(PlatformToolset)' != 'v100' and '$(PlatformToolset)' != 'v110') was evaluated as (''!='true' and 'true' != 'true' and 'v140' != 'v90' and 'v140' != 'v100' and 'v140' != 'v110').
     1>Done building target "PlatformPrepareForBuild" in project "ALL_BUILD.vcxproj".
     1>Target "Desktop_PlatformPrepareForBuild" in file "C:\Program Files (x86)\MSBuild\Microsoft.Cpp\v4.0\V140\Platforms\x64\PlatformToolsets\v140\Toolset.targets" from project "C:\workSpace\dev\PTAM64bits\temp\PTAM-64bits\build\ALL_BUILD.vcxproj" (target "PrepareForBuild" depends on it):
       Task "VCMessage" skipped, due to false condition; ($(MissingSDKProps) == 'true') was evaluated as ( == 'true').
     1>Done building target "Desktop_PlatformPrepareForBuild" in project "ALL_BUILD.vcxproj".
       Target "GetFrameworkPaths" skipped. Previously built successfully.
       Target "GetReferenceAssemblyPaths" skipped. Previously built successfully.
       Target "AssignLinkMetadata" skipped, due to false condition; ( '$(SynthesizeLinkMetadata)' == 'true' ) was evaluated as ( '' == 'true' ).
     1>Target "SetCABuildNativeEnvironmentVariables" in file "C:\Program Files (x86)\MSBuild\Microsoft\VisualStudio\v14.0\CodeAnalysis\Microsoft.CodeAnalysis.targets" from project "C:\workSpace\dev\PTAM64bits\temp\PTAM-64bits\build\ALL_BUILD.vcxproj" (target "PrepareForBuild" depends on it):
       Initializing task factory "CodeTaskFactory" from assembly "C:\Program Files (x86)\MSBuild\14.0\bin\Microsoft.Build.Tasks.Core.dll".
       Using "SetEnvironmentVariable" task from the task factory "Code Task Factory".
       Task "SetEnvironmentVariable"
       Done executing task "SetEnvironmentVariable".
     1>Done building target "SetCABuildNativeEnvironmentVariables" in project "ALL_BUILD.vcxproj".
     1>Target "PrepareForBuild" in file "C:\Program Files (x86)\MSBuild\Microsoft.Cpp\v4.0\V140\Microsoft.CppBuild.targets" from project "C:\workSpace\dev\PTAM64bits\temp\PTAM-64bits\build\ALL_BUILD.vcxproj" (target "ResolveAssemblyReferences" depends on it):
       Task "VCMessage" skipped, due to false condition; ('$(DesignTimeBuild)' != 'true' and '$(ConfigurationPlatformExists)' != 'true') was evaluated as ('' != 'true' and 'true' != 'true').
       Task "MakeDir"
       Done executing task "MakeDir".
       Task "VCMessage" skipped, due to false condition; ('$(DesignTimeBuild)'!='true' and '$(WindowsAppContainer)'=='true' and '$(ConfigurationType)'!='Application' and '$(ConfigurationType)'!='DynamicLibrary' and '$(ConfigurationType)'!='StaticLibrary') was evaluated as (''!='true' and 'false'=='true' and 'Utility'!='Application' and 'Utility'!='DynamicLibrary' and 'Utility'!='StaticLibrary').
       Task "VCMessage" skipped, due to false condition; ('$(DesignTimeBuild)'!='true' and '$(VCInstallDir)'=='' and '$(UseEnv)' != 'true' and ('$(TargetFrameworkVersion)'=='v3.5' or '$(TargetFrameworkVersion)'=='v3.0' or '$(TargetFrameworkVersion)'=='v2.0' )) was evaluated as (''!='true' and 'C:\Program Files (x86)\Microsoft Visual Studio 14.0\VC\'=='' and '' != 'true' and ('v4.0'=='v3.5' or 'v4.0'=='v3.0' or 'v4.0'=='v2.0' )).
       Task "VCMessage" skipped, due to false condition; ('$(DesignTimeBuild)'!='true' and '$(VCInstallDir)'=='' and '$(UseEnv)' != 'true' and '$(PlatformToolset)'=='v90') was evaluated as (''!='true' and 'C:\Program Files (x86)\Microsoft Visual Studio 14.0\VC\'=='' and '' != 'true' and 'v140'=='v90').
       Task "VCMessage" skipped, due to false condition; ('$(VCInstallDir)'=='' and '$(UseEnv)' != 'true') was evaluated as ('C:\Program Files (x86)\Microsoft Visual Studio 14.0\VC\'=='' and '' != 'true').
       Task "VCMessage" skipped, due to false condition; ('$(WindowsSDKDir)'=='' and '$(UseEnv)' != 'true') was evaluated as ('C:\Program Files (x86)\Windows Kits\8.1\'=='' and '' != 'true').
       Task "VCMessage" skipped, due to false condition; ('$(IntDirTrailingSlashWarning)'=='true') was evaluated as (''=='true').
       Task "VCMessage" skipped, due to false condition; ('$(OutDirTrailingSlashWarning)'=='true') was evaluated as (''=='true').
       Task "VCMessage" skipped, due to false condition; ('%(CompatibilityIssues.Identity)' != '' and '$(DesignTimeBuild)'!='true') was evaluated as ('' != '' and ''!='true').
       Task "VCMessage" skipped, due to false condition; ('$(_MBCS_Using)' == 'true' and '$(_MBCS_Installed)' != 'true' and '$(DesignTimeBuild)' != 'true') was evaluated as ('' == 'true' and '' != 'true' and '' != 'true').
       Task "VCMessage" skipped, due to false condition; ('$(IgnoreWarnIntDirSharingDetected)' != 'true' and '$(IntDirSharingDetected)' == 'true') was evaluated as ('' != 'true' and '' == 'true').
       Task "VCMessage" skipped, due to false condition; ('$(IgnoreWarnIntDirInTempDetected)' != 'true' and ('$(_IntDirFullpath.StartsWith($(Tmp), true, null))' == 'true' or '$(_IntDirFullpath.StartsWith($(Temp), true, null))' == 'true' or '$(_OutDirFullpath.StartsWith($(Tmp), true, null))' == 'true' or '$(_OutDirFullpath.StartsWith($(Temp), true, null))' == 'true')) was evaluated as ('' != 'true' and ('False' == 'true' or 'False' == 'true' or 'False' == 'true' or 'False' == 'true')).
       Task "MakeDir"
         Creating directory "x64\Release\ALL_BUILD\ALL_BUILD.tlog\".
       Done executing task "MakeDir".
     1>Done building target "PrepareForBuild" in project "ALL_BUILD.vcxproj".
       Target "_PrepareForReferenceResolution" skipped. Previously built successfully.
       Target "ComputeCrtSDKReference" skipped, due to false condition; ('@(ClCompile)'!='' and '$(WindowsAppContainer)'=='true' and '$(UseCrtSDKReference)' != 'false') was evaluated as (''!='' and 'false'=='true' and '' != 'false').
     1>Target "GetInstalledSDKLocations" in file "C:\Program Files (x86)\MSBuild\14.0\bin\Microsoft.Common.CurrentVersion.targets" from project "C:\workSpace\dev\PTAM64bits\temp\PTAM-64bits\build\ALL_BUILD.vcxproj" (target "ResolveSDKReferences" depends on it):
       Task "GetInstalledSDKLocations" skipped, due to false condition; ('@(SDKReference)' != '') was evaluated as ('' != '').
       Task "GetInstalledSDKLocations" skipped, due to false condition; ('@(SDKReference)' != '' and '$(SupportWindows81SDKs)' == 'true' and '$(TargetPlatformIdentifierWindows81)' != '' and '$(TargetPlatformVersionWindows81)' != '') was evaluated as ('' != '' and '' == 'true' and '' != '' and '' != '').
       Task "GetInstalledSDKLocations" skipped, due to false condition; ('@(SDKReference)' != '' and '$(SupportWindowsPhone81SDKs)' == 'true' and '$(TargetPlatformIdentifierWindowsPhone81)' != '' and '$(TargetPlatformVersionWindowsPhone81)' != '') was evaluated as ('' != '' and '' == 'true' and '' != '' and '' != '').
     1>Done building target "GetInstalledSDKLocations" in project "ALL_BUILD.vcxproj".
     1>Target "ModifyUnitTestPlatformVersion" in file "C:\Program Files (x86)\MSBuild\14.0\Microsoft.Common.targets\ImportBefore\Windows.8.1.UT_SDKReference.props" from project "C:\workSpace\dev\PTAM64bits\temp\PTAM-64bits\build\ALL_BUILD.vcxproj" (target "ResolveSDKReferences" depends on it):
     1>Done building target "ModifyUnitTestPlatformVersion" in project "ALL_BUILD.vcxproj".
     1>Target "ResolveSDKReferences" in file "C:\Program Files (x86)\MSBuild\14.0\bin\Microsoft.Common.CurrentVersion.targets" from project "C:\workSpace\dev\PTAM64bits\temp\PTAM-64bits\build\ALL_BUILD.vcxproj" (target "ResolveAssemblyReferences" depends on it):
       Task "ResolveSDKReference" skipped, due to false condition; ('@(SDKReference)'!='') was evaluated as (''!='').
     1>Done building target "ResolveSDKReferences" in project "ALL_BUILD.vcxproj".
       Target "ResolveSDKReferences" skipped. Previously built successfully.
     1>Target "ExpandSDKReferences" in file "C:\Program Files (x86)\MSBuild\14.0\bin\Microsoft.Common.CurrentVersion.targets" from project "C:\workSpace\dev\PTAM64bits\temp\PTAM-64bits\build\ALL_BUILD.vcxproj" (target "ResolveAssemblyReferences" depends on it):
       Task "GetSDKReferenceFiles" skipped, due to false condition; ('@(ResolvedSDKReference)'!='') was evaluated as (''!='').
     1>Done building target "ExpandSDKReferences" in project "ALL_BUILD.vcxproj".
       Target "ResolveNuGetPackageAssets" skipped, due to false condition; ('$(ResolveNuGetPackages)' == 'true' and exists('$(ProjectLockFile)')) was evaluated as ('true' == 'true' and exists('project.lock.json')).
     1>Target "ResolveAssemblyReferences" in file "C:\Program Files (x86)\MSBuild\14.0\bin\Microsoft.Common.CurrentVersion.targets" from project "C:\workSpace\dev\PTAM64bits\temp\PTAM-64bits\build\ALL_BUILD.vcxproj" (target "ResolveReferences" depends on it):
       Task "ResolveAssemblyReference" skipped, due to false condition; ('@(Reference)'!='' or '@(_ResolvedProjectReferencePaths)'!='' or '@(_ExplicitReference)' != '') was evaluated as (''!='' or ''!='' or '' != '').
     1>Done building target "ResolveAssemblyReferences" in project "ALL_BUILD.vcxproj".
       Target "GenerateBindingRedirects" skipped, due to false condition; ('$(AutoGenerateBindingRedirects)' == 'true' and '$(GenerateBindingRedirectsOutputType)' == 'true') was evaluated as ('' == 'true' and 'true' == 'true').
       Target "GenerateBindingRedirectsUpdateAppConfig" skipped, due to false condition; ('$(AutoGenerateBindingRedirects)' == 'true' and '$(GenerateBindingRedirectsOutputType)' == 'true' and Exists('$(_GenerateBindingRedirectsIntermediateAppConfig)')) was evaluated as ('' == 'true' and 'true' == 'true' and Exists('x64\Release\ALL_BUILD\ALL_BUILD.vcxproj.ALL_BUILD.config')).
       Target "ResolveComReferences" skipped, due to false condition; ('@(COMReference)'!='' or '@(COMFileReference)'!='') was evaluated as (''!='' or ''!='').
     1>Target "AfterResolveReferences" in file "C:\Program Files (x86)\MSBuild\14.0\bin\Microsoft.Common.CurrentVersion.targets" from project "C:\workSpace\dev\PTAM64bits\temp\PTAM-64bits\build\ALL_BUILD.vcxproj" (target "ResolveReferences" depends on it):
     1>Done building target "AfterResolveReferences" in project "ALL_BUILD.vcxproj".
       Target "ImplicitlyExpandDesignTimeFacades" skipped, due to false condition; ('$(ImplicitlyExpandDesignTimeFacades)' == 'true') was evaluated as ('' == 'true').
       Target "ResolveTestReferences" skipped, due to false condition; ('@(Shadow)'!='') was evaluated as (''!='').
     1>Target "ResolveReferences" in file "C:\Program Files (x86)\MSBuild\14.0\bin\Microsoft.Common.CurrentVersion.targets" from project "C:\workSpace\dev\PTAM64bits\temp\PTAM-64bits\build\ALL_BUILD.vcxproj" (target "Build" depends on it):
     1>Done building target "ResolveReferences" in project "ALL_BUILD.vcxproj".
       Target "PrepareForBuild" skipped. Previously built successfully.
       Target "PrepareForBuild" skipped. Previously built successfully.
     1>Target "InitializeBuildStatus" in file "C:\Program Files (x86)\MSBuild\Microsoft.Cpp\v4.0\V140\Microsoft.CppBuild.targets" from project "C:\workSpace\dev\PTAM64bits\temp\PTAM-64bits\build\ALL_BUILD.vcxproj" (target "Build" depends on it):
       Task "ReadLinesFromFile"
       Done executing task "ReadLinesFromFile".
       Task "WriteLinesToFile"
       Done executing task "WriteLinesToFile".
       Task "Touch"
         Creating "x64\Release\ALL_BUILD\ALL_BUILD.tlog\unsuccessfulbuild" because "AlwaysCreate" was specified.
       Done executing task "Touch".
     1>Done building target "InitializeBuildStatus" in project "ALL_BUILD.vcxproj".
       Target "AssignProjectConfiguration" skipped. Previously built successfully.
       Target "_SplitProjectReferencesByFileExistence" skipped. Previously built successfully.
     1>Target "BuildGenerateSourcesTraverse" in file "C:\Program Files (x86)\MSBuild\14.0\bin\Microsoft.Common.CurrentVersion.targets" from project "C:\workSpace\dev\PTAM64bits\temp\PTAM-64bits\build\ALL_BUILD.vcxproj" (target "BuildGenerateSources" depends on it):
       Task "MSBuild" skipped, due to false condition; ('$(BuildPassReferences)' == 'true' and '@(ProjectReferenceWithConfiguration)' != '' and '@(_MSBuildProjectReferenceExistent)' != '' and '%(_MSBuildProjectReferenceExistent.BuildReference)' == 'true') was evaluated as ('' == 'true' and 'C:/workSpace/dev/PTAM64bits/temp/PTAM-64bits/build/ZERO_CHECK.vcxproj;C:/workSpace/dev/PTAM64bits/temp/PTAM-64bits/build/FAST/FAST.vcxproj;C:/workSpace/dev/PTAM64bits/temp/PTAM-64bits/build/GCVD/GCVD.vcxproj;C:/workSpace/dev/PTAM64bits/temp/PTAM-64bits/build/PTAM.vcxproj;C:/workSpace/dev/PTAM64bits/temp/PTAM-64bits/build/Persistence/Persistence.vcxproj' != '' and 'C:/workSpace/dev/PTAM64bits/temp/PTAM-64bits/build/ZERO_CHECK.vcxproj;C:/workSpace/dev/PTAM64bits/temp/PTAM-64bits/build/FAST/FAST.vcxproj;C:/workSpace/dev/PTAM64bits/temp/PTAM-64bits/build/GCVD/GCVD.vcxproj;C:/workSpace/dev/PTAM64bits/temp/PTAM-64bits/build/PTAM.vcxproj;C:/workSpace/dev/PTAM64bits/temp/PTAM-64bits/build/Persistence/Persistence.vcxproj' != '' and 'true' == 'true').
     1>Done building target "BuildGenerateSourcesTraverse" in project "ALL_BUILD.vcxproj".
       Target "PrepareForBuild" skipped. Previously built successfully.
       Target "ResolveReferences" skipped. Previously built successfully.
     1>Target "BeforeBuildGenerateSources" in file "C:\Program Files (x86)\MSBuild\Microsoft.Cpp\v4.0\V140\Microsoft.BuildSteps.Targets" from project "C:\workSpace\dev\PTAM64bits\temp\PTAM-64bits\build\ALL_BUILD.vcxproj" (target "_BuildGenerateSourcesAction" depends on it):
     1>Done building target "BeforeBuildGenerateSources" in project "ALL_BUILD.vcxproj".
     1>Target "PreBuildEvent" in file "C:\Program Files (x86)\MSBuild\Microsoft.Cpp\v4.0\V140\Microsoft.CppCommon.targets" from project "C:\workSpace\dev\PTAM64bits\temp\PTAM-64bits\build\ALL_BUILD.vcxproj" (target "_BuildGenerateSourcesAction" depends on it):
       Task "Message" skipped, due to false condition; ('%(PreBuildEvent.Message)' != '' and '%(PreBuildEvent.Command)' != '') was evaluated as ('' != '' and '' != '').
       Task "Exec" skipped, due to false condition; ('%(PreBuildEvent.Command)' != '') was evaluated as ('' != '').
     1>Done building target "PreBuildEvent" in project "ALL_BUILD.vcxproj".
       Target "PrepareForBuild" skipped. Previously built successfully.
       Target "SetBuildDefaultEnvironmentVariables" skipped. Previously built successfully.
       Target "SetUserMacroEnvironmentVariables" skipped, due to false condition; ('@(BuildMacro)' != '' and '$(DesignTimeBuild)' != 'true') was evaluated as ('' != '' and '' != 'true').
     1>Target "_SelectedFiles" in file "C:\Program Files (x86)\MSBuild\Microsoft.Cpp\v4.0\V140\Microsoft.CppBuild.targets" from project "C:\workSpace\dev\PTAM64bits\temp\PTAM-64bits\build\ALL_BUILD.vcxproj" (target "SelectCustomBuild" depends on it):
     1>Done building target "_SelectedFiles" in project "ALL_BUILD.vcxproj".
     1>Target "SelectCustomBuild" in file "C:\Program Files (x86)\MSBuild\Microsoft.Cpp\v4.0\V140\Microsoft.CppBuild.targets" from project "C:\workSpace\dev\PTAM64bits\temp\PTAM-64bits\build\ALL_BUILD.vcxproj" (target "CustomBuild" depends on it):
     1>Done building target "SelectCustomBuild" in project "ALL_BUILD.vcxproj".
     1>Target "ComputeCustomBuildOutput" in file "C:\Program Files (x86)\MSBuild\Microsoft.Cpp\v4.0\V140\Microsoft.CppBuild.targets" from project "C:\workSpace\dev\PTAM64bits\temp\PTAM-64bits\build\ALL_BUILD.vcxproj" (target "CustomBuild" depends on it):
       Task "CreateItem" skipped, due to false condition; ('%(CustomBuildDirsToMake.OutputFileToTool)'!='') was evaluated as (''!='').
       Task "MakeDir"
       Done executing task "MakeDir".
     1>Done building target "ComputeCustomBuildOutput" in project "ALL_BUILD.vcxproj".
     1>Target "CustomBuild" in file "C:\Program Files (x86)\MSBuild\Microsoft.Cpp\v4.0\V140\Microsoft.CppCommon.targets" from project "C:\workSpace\dev\PTAM64bits\temp\PTAM-64bits\build\ALL_BUILD.vcxproj" (target "_BuildGenerateSourcesAction" depends on it):
       Using "CustomBuild" task from assembly "C:\Program Files (x86)\MSBuild\Microsoft.Cpp\v4.0\V140\Microsoft.Build.CppTasks.Common.dll".
       Task "CustomBuild"
         Forcing rebuild of all source files due to missing command TLog "C:\workSpace\dev\PTAM64bits\temp\PTAM-64bits\build\x64\Release\ALL_BUILD\ALL_BUILD.tlog\custombuild.command.1.tlog".
         setlocal
         "C:\Program Files (x86)\CMake\bin\cmake.exe" -HC:/workSpace/dev/PTAM64bits/temp/PTAM-64bits -BC:/workSpace/dev/PTAM64bits/temp/PTAM-64bits/build --check-stamp-file C:\workSpace\dev\PTAM64bits\temp\PTAM-64bits\build\CMakeFiles\generate.stamp
         if %errorlevel% neq 0 goto :cmEnd
         :cmEnd
         endlocal & call :cmErrorLevel %errorlevel% & goto :cmDone
         :cmErrorLevel
         exit /b %1
         :cmDone
         if %errorlevel% neq 0 goto :VCEnd
         Building Custom Rule C:/workSpace/dev/PTAM64bits/temp/PTAM-64bits/CMakeLists.txt
         CMake does not need to re-run because C:\workSpace\dev\PTAM64bits\temp\PTAM-64bits\build\CMakeFiles\generate.stamp is up-to-date.
       Done executing task "CustomBuild".
     1>Done building target "CustomBuild" in project "ALL_BUILD.vcxproj".
       Target "FxExport" skipped, due to false condition; ('@(FxCompile)' != '') was evaluated as ('' != '').
       Target "FxCompile" skipped, due to false condition; ('@(FxCompile)' != '') was evaluated as ('' != '').
       Target "Xsd" skipped, due to false condition; ('@(Xsd)' != '') was evaluated as ('' != '').
     1>Target "_Xsd" in file "C:\Program Files (x86)\MSBuild\Microsoft.Cpp\v4.0\V140\Microsoft.CppBuild.targets" from project "C:\workSpace\dev\PTAM64bits\temp\PTAM-64bits\build\ALL_BUILD.vcxproj" (target "_BuildGenerateSourcesAction" depends on it):
     1>Done building target "_Xsd" in project "ALL_BUILD.vcxproj".
     1>Target "MakeDirsForMidl" in file "C:\Program Files (x86)\MSBuild\Microsoft.Cpp\v4.0\V140\Microsoft.CppBuild.targets" from project "C:\workSpace\dev\PTAM64bits\temp\PTAM-64bits\build\ALL_BUILD.vcxproj" (target "_Midl" depends on it):
       Task "Makedir"
       Done executing task "Makedir".
     1>Done building target "MakeDirsForMidl" in project "ALL_BUILD.vcxproj".
       Target "Midl" skipped, due to false condition; ('@(Midl)' != '') was evaluated as ('' != '').
       Target "FxExport" skipped, due to false condition; ('@(FxCompile)' != '') was evaluated as ('' != '').
       Target "FxCompile" skipped, due to false condition; ('@(FxCompile)' != '') was evaluated as ('' != '').
     1>Target "ComputeMIDLGeneratedCompileInputs" in file "C:\Program Files (x86)\MSBuild\Microsoft.Cpp\v4.0\V140\Microsoft.CppBuild.targets" from project "C:\workSpace\dev\PTAM64bits\temp\PTAM-64bits\build\ALL_BUILD.vcxproj" (target "_Midl" depends on it):
     1>Done building target "ComputeMIDLGeneratedCompileInputs" in project "ALL_BUILD.vcxproj".
     1>Target "AfterMidl" in file "C:\Program Files (x86)\MSBuild\Microsoft.Cpp\v4.0\V140\Microsoft.CppBuild.targets" from project "C:\workSpace\dev\PTAM64bits\temp\PTAM-64bits\build\ALL_BUILD.vcxproj" (target "_Midl" depends on it):
     1>Done building target "AfterMidl" in project "ALL_BUILD.vcxproj".
     1>Target "_Midl" in file "C:\Program Files (x86)\MSBuild\Microsoft.Cpp\v4.0\V140\Microsoft.CppBuild.targets" from project "C:\workSpace\dev\PTAM64bits\temp\PTAM-64bits\build\ALL_BUILD.vcxproj" (target "_BuildGenerateSourcesAction" depends on it):
     1>Done building target "_Midl" in project "ALL_BUILD.vcxproj".
     1>Target "AfterBuildGenerateSources" in file "C:\Program Files (x86)\MSBuild\Microsoft.Cpp\v4.0\V140\Microsoft.BuildSteps.Targets" from project "C:\workSpace\dev\PTAM64bits\temp\PTAM-64bits\build\ALL_BUILD.vcxproj" (target "_BuildGenerateSourcesAction" depends on it):
     1>Done building target "AfterBuildGenerateSources" in project "ALL_BUILD.vcxproj".
     1>Target "AfterBuildGenerateSourcesEvent" in file "C:\Program Files (x86)\MSBuild\Microsoft.Cpp\v4.0\V140\Microsoft.CppBuild.targets" from project "C:\workSpace\dev\PTAM64bits\temp\PTAM-64bits\build\ALL_BUILD.vcxproj" (target "_BuildGenerateSourcesAction" depends on it):
     1>Done building target "AfterBuildGenerateSourcesEvent" in project "ALL_BUILD.vcxproj".
     1>Target "_BuildGenerateSourcesAction" in file "C:\Program Files (x86)\MSBuild\Microsoft.Cpp\v4.0\V140\Microsoft.CppBuild.targets" from project "C:\workSpace\dev\PTAM64bits\temp\PTAM-64bits\build\ALL_BUILD.vcxproj" (target "BuildGenerateSources" depends on it):
     1>Done building target "_BuildGenerateSourcesAction" in project "ALL_BUILD.vcxproj".
     1>Target "BuildGenerateSources" in file "C:\Program Files (x86)\MSBuild\14.0\bin\Microsoft.Common.CurrentVersion.targets" from project "C:\workSpace\dev\PTAM64bits\temp\PTAM-64bits\build\ALL_BUILD.vcxproj" (target "Build" depends on it):
     1>Done building target "BuildGenerateSources" in project "ALL_BUILD.vcxproj".
       Target "AssignProjectConfiguration" skipped. Previously built successfully.
       Target "_SplitProjectReferencesByFileExistence" skipped. Previously built successfully.
     1>Target "BuildCompileTraverse" in file "C:\Program Files (x86)\MSBuild\14.0\bin\Microsoft.Common.CurrentVersion.targets" from project "C:\workSpace\dev\PTAM64bits\temp\PTAM-64bits\build\ALL_BUILD.vcxproj" (target "BuildCompile" depends on it):
       Task "MSBuild" skipped, due to false condition; ('$(BuildPassReferences)' == 'true' and '@(ProjectReferenceWithConfiguration)' != '' and '@(_MSBuildProjectReferenceExistent)' != ''  and '%(_MSBuildProjectReferenceExistent.BuildReference)' == 'true') was evaluated as ('' == 'true' and 'C:/workSpace/dev/PTAM64bits/temp/PTAM-64bits/build/ZERO_CHECK.vcxproj;C:/workSpace/dev/PTAM64bits/temp/PTAM-64bits/build/FAST/FAST.vcxproj;C:/workSpace/dev/PTAM64bits/temp/PTAM-64bits/build/GCVD/GCVD.vcxproj;C:/workSpace/dev/PTAM64bits/temp/PTAM-64bits/build/PTAM.vcxproj;C:/workSpace/dev/PTAM64bits/temp/PTAM-64bits/build/Persistence/Persistence.vcxproj' != '' and 'C:/workSpace/dev/PTAM64bits/temp/PTAM-64bits/build/ZERO_CHECK.vcxproj;C:/workSpace/dev/PTAM64bits/temp/PTAM-64bits/build/FAST/FAST.vcxproj;C:/workSpace/dev/PTAM64bits/temp/PTAM-64bits/build/GCVD/GCVD.vcxproj;C:/workSpace/dev/PTAM64bits/temp/PTAM-64bits/build/PTAM.vcxproj;C:/workSpace/dev/PTAM64bits/temp/PTAM-64bits/build/Persistence/Persistence.vcxproj' != ''  and 'true' == 'true').
     1>Done building target "BuildCompileTraverse" in project "ALL_BUILD.vcxproj".
       Target "PrepareForBuild" skipped. Previously built successfully.
       Target "ResolveReferences" skipped. Previously built successfully.
     1>Target "_BuildCompileAction" in file "C:\Program Files (x86)\MSBuild\Microsoft.Cpp\v4.0\V140\Microsoft.CppBuild.targets" from project "C:\workSpace\dev\PTAM64bits\temp\PTAM-64bits\build\ALL_BUILD.vcxproj" (target "BuildCompile" depends on it):
     1>Done building target "_BuildCompileAction" in project "ALL_BUILD.vcxproj".
     1>Target "BuildCompile" in file "C:\Program Files (x86)\MSBuild\14.0\bin\Microsoft.Common.CurrentVersion.targets" from project "C:\workSpace\dev\PTAM64bits\temp\PTAM-64bits\build\ALL_BUILD.vcxproj" (target "Build" depends on it):
     1>Done building target "BuildCompile" in project "ALL_BUILD.vcxproj".
       Target "AssignProjectConfiguration" skipped. Previously built successfully.
       Target "_SplitProjectReferencesByFileExistence" skipped. Previously built successfully.
     1>Target "BuildLinkTraverse" in file "C:\Program Files (x86)\MSBuild\14.0\bin\Microsoft.Common.CurrentVersion.targets" from project "C:\workSpace\dev\PTAM64bits\temp\PTAM-64bits\build\ALL_BUILD.vcxproj" (target "BuildLink" depends on it):
       Task "MSBuild" skipped, due to false condition; ('$(BuildPassReferences)' == 'true' and '@(ProjectReferenceWithConfiguration)' != '' and '@(_MSBuildProjectReferenceExistent)' != ''  and '%(_MSBuildProjectReferenceExistent.BuildReference)' == 'true') was evaluated as ('' == 'true' and 'C:/workSpace/dev/PTAM64bits/temp/PTAM-64bits/build/ZERO_CHECK.vcxproj;C:/workSpace/dev/PTAM64bits/temp/PTAM-64bits/build/FAST/FAST.vcxproj;C:/workSpace/dev/PTAM64bits/temp/PTAM-64bits/build/GCVD/GCVD.vcxproj;C:/workSpace/dev/PTAM64bits/temp/PTAM-64bits/build/PTAM.vcxproj;C:/workSpace/dev/PTAM64bits/temp/PTAM-64bits/build/Persistence/Persistence.vcxproj' != '' and 'C:/workSpace/dev/PTAM64bits/temp/PTAM-64bits/build/ZERO_CHECK.vcxproj;C:/workSpace/dev/PTAM64bits/temp/PTAM-64bits/build/FAST/FAST.vcxproj;C:/workSpace/dev/PTAM64bits/temp/PTAM-64bits/build/GCVD/GCVD.vcxproj;C:/workSpace/dev/PTAM64bits/temp/PTAM-64bits/build/PTAM.vcxproj;C:/workSpace/dev/PTAM64bits/temp/PTAM-64bits/build/Persistence/Persistence.vcxproj' != ''  and 'true' == 'true').
     1>Done building target "BuildLinkTraverse" in project "ALL_BUILD.vcxproj".
       Target "PrepareForBuild" skipped. Previously built successfully.
       Target "ResolveReferences" skipped. Previously built successfully.
       Target "RunMergeNativeCodeAnalysis" skipped, due to false condition; ('$(Language)'=='C++' and '$(RunCodeAnalysisOnThisProject)'=='true') was evaluated as ('C++'=='C++' and ''=='true').
       Target "RunNativeCodeAnalysis" skipped, due to false condition; ('$(Language)'=='C++' and '$(RunCodeAnalysisOnThisProject)'=='true') was evaluated as ('C++'=='C++' and ''=='true').
       Target "CustomBuildStep" skipped, due to false condition; ('@(CustomBuildStep)' != '' and '$(SelectedFiles)'=='') was evaluated as ('' != '' and ''=='').
     1>Target "PostBuildEvent" in file "C:\Program Files (x86)\MSBuild\Microsoft.Cpp\v4.0\V140\Microsoft.CppCommon.targets" from project "C:\workSpace\dev\PTAM64bits\temp\PTAM-64bits\build\ALL_BUILD.vcxproj" (target "_BuildLinkAction" depends on it):
       Task "Message" skipped, due to false condition; ('%(PostBuildEvent.Message)' != '' and '%(PostBuildEvent.Command)' != '') was evaluated as ('' != '' and '' != '').
       Task "Exec" skipped, due to false condition; ('%(PostBuildEvent.Command)' != '') was evaluated as ('' != '').
     1>Done building target "PostBuildEvent" in project "ALL_BUILD.vcxproj".
     1>Target "_BuildLinkAction" in file "C:\Program Files (x86)\MSBuild\Microsoft.Cpp\v4.0\V140\Microsoft.CppBuild.targets" from project "C:\workSpace\dev\PTAM64bits\temp\PTAM-64bits\build\ALL_BUILD.vcxproj" (target "BuildLink" depends on it):
     1>Done building target "_BuildLinkAction" in project "ALL_BUILD.vcxproj".
     1>Target "BuildLink" in file "C:\Program Files (x86)\MSBuild\14.0\bin\Microsoft.Common.CurrentVersion.targets" from project "C:\workSpace\dev\PTAM64bits\temp\PTAM-64bits\build\ALL_BUILD.vcxproj" (target "Build" depends on it):
     1>Done building target "BuildLink" in project "ALL_BUILD.vcxproj".
       Target "CreateTfsBuildInfoResource" skipped, due to false condition; ( $(AddBuildInfoToAssembly)==true ) was evaluated as ( false==true ).
     1>Target "AfterBuild" in file "C:\Program Files (x86)\MSBuild\Microsoft.Cpp\v4.0\V140\Microsoft.BuildSteps.Targets" from project "C:\workSpace\dev\PTAM64bits\temp\PTAM-64bits\build\ALL_BUILD.vcxproj" (target "Build" depends on it):
     1>Done building target "AfterBuild" in project "ALL_BUILD.vcxproj".
     1>Target "FinalizeBuildStatus" in file "C:\Program Files (x86)\MSBuild\Microsoft.Cpp\v4.0\V140\Microsoft.CppBuild.targets" from project "C:\workSpace\dev\PTAM64bits\temp\PTAM-64bits\build\ALL_BUILD.vcxproj" (target "Build" depends on it):
       Task "Delete"
         Deleting file "x64\Release\ALL_BUILD\ALL_BUILD.tlog\unsuccessfulbuild".
       Done executing task "Delete".
       Task "Touch"
         Touching "x64\Release\ALL_BUILD\ALL_BUILD.tlog\ALL_BUILD.lastbuildstate".
       Done executing task "Touch".
     1>Done building target "FinalizeBuildStatus" in project "ALL_BUILD.vcxproj".
     1>Target "Build" in file "C:\Program Files (x86)\MSBuild\Microsoft.Cpp\v4.0\V140\Microsoft.BuildSteps.Targets" from project "C:\workSpace\dev\PTAM64bits\temp\PTAM-64bits\build\ALL_BUILD.vcxproj" (target "Rebuild" depends on it):
     1>Done building target "Build" in project "ALL_BUILD.vcxproj".
     1>Target "AfterRebuild" in file "C:\Program Files (x86)\MSBuild\14.0\bin\Microsoft.Common.CurrentVersion.targets" from project "C:\workSpace\dev\PTAM64bits\temp\PTAM-64bits\build\ALL_BUILD.vcxproj" (target "Rebuild" depends on it):
     1>Done building target "AfterRebuild" in project "ALL_BUILD.vcxproj".
     1>Target "Rebuild" in file "C:\Program Files (x86)\MSBuild\Microsoft.Cpp\v4.0\V140\Microsoft.BuildSteps.Targets" from project "C:\workSpace\dev\PTAM64bits\temp\PTAM-64bits\build\ALL_BUILD.vcxproj" (entry point):
     1>Done building target "Rebuild" in project "ALL_BUILD.vcxproj".
     1>Done Building Project "C:\workSpace\dev\PTAM64bits\temp\PTAM-64bits\build\ALL_BUILD.vcxproj" (Rebuild target(s)).

Build succeeded.

Time Elapsed 00:00:00.15
